{"source":"Cluster Manager","meta":[],"level":"info","message":"Initialising clusters...","timestamp":"07/06/2021|23:51:55"}
{"source":"Cluster Manager","meta":[],"level":"info","message":"Starting 1 clusters with 1 shards","timestamp":"07/06/2021|23:51:55"}
{"source":"Cluster Manager","meta":[],"level":"info","message":"Started cluster 0","timestamp":"07/06/2021|23:51:55"}
{"source":"Cluster Manager","meta":[],"level":"info","message":"Started all clusters, connecting shards...","timestamp":"07/06/2021|23:51:55"}
{"source":"Cluster Manager","meta":[],"level":"info","message":"All shards spread","timestamp":"07/06/2021|23:51:55"}
{"source":"Cluster 0","meta":[],"level":"info","message":"Connecting with 1 shards","timestamp":"07/06/2021|23:51:56"}
{"source":"Cluster Manager","meta":[],"level":"info","message":"Initialising clusters...","timestamp":"07/06/2021|23:55:21"}
{"source":"Cluster Manager","meta":[],"level":"info","message":"Starting 1 clusters with 1 shards","timestamp":"07/06/2021|23:55:22"}
{"source":"Cluster Manager","meta":[],"level":"info","message":"Started cluster 0","timestamp":"07/06/2021|23:55:22"}
{"source":"Cluster Manager","meta":[],"level":"info","message":"Started all clusters, connecting shards...","timestamp":"07/06/2021|23:55:22"}
{"source":"Cluster Manager","meta":[],"level":"info","message":"All shards spread","timestamp":"07/06/2021|23:55:22"}
{"source":"Cluster 0","meta":[],"level":"info","message":"Connecting with 1 shards","timestamp":"07/06/2021|23:55:22"}
{"source":"Cluster Manager","meta":[],"level":"info","message":"Initialising clusters...","timestamp":"08/06/2021|16:52:35"}
{"source":"Cluster Manager","meta":[],"level":"info","message":"Starting 1 clusters with 1 shards","timestamp":"08/06/2021|16:52:35"}
{"source":"Cluster Manager","meta":[],"level":"info","message":"Started cluster 0","timestamp":"08/06/2021|16:52:35"}
{"source":"Cluster Manager","meta":[],"level":"info","message":"Started all clusters, connecting shards...","timestamp":"08/06/2021|16:52:35"}
{"source":"Cluster Manager","meta":[],"level":"info","message":"All shards spread","timestamp":"08/06/2021|16:52:35"}
{"source":"Cluster 0","meta":[],"level":"info","message":"Connecting with 1 shards","timestamp":"08/06/2021|16:52:36"}
{"source":"Cluster 0","stack":"RangeError: Maximum call stack size exceeded\n    at Logger.info (D:\\Main Files\\Eris-Discord-bot\\node_modules\\@dimensional-fun\\logger\\src\\Logger.ts:52:14)\n    at Bot.start (D:\\Main Files\\Eris-Discord-bot\\src\\client\\Client.ts:41:21)\n    at Bot.connect (D:\\Main Files\\Eris-Discord-bot\\src\\client\\Client.ts:35:20)\n    at Bot.start (D:\\Main Files\\Eris-Discord-bot\\src\\client\\Client.ts:43:20)\n    at Bot.connect (D:\\Main Files\\Eris-Discord-bot\\src\\client\\Client.ts:35:20)\n    at Bot.start (D:\\Main Files\\Eris-Discord-bot\\src\\client\\Client.ts:43:20)\n    at Bot.connect (D:\\Main Files\\Eris-Discord-bot\\src\\client\\Client.ts:35:20)\n    at Bot.start (D:\\Main Files\\Eris-Discord-bot\\src\\client\\Client.ts:43:20)\n    at Bot.connect (D:\\Main Files\\Eris-Discord-bot\\src\\client\\Client.ts:35:20)\n    at Bot.start (D:\\Main Files\\Eris-Discord-bot\\src\\client\\Client.ts:43:20)","meta":[],"level":"error","message":"Maximum call stack size exceeded","timestamp":"08/06/2021|16:52:36"}
{"source":"Cluster Manager","meta":[],"level":"info","message":"Initialising clusters...","timestamp":"08/06/2021|16:53:45"}
{"source":"Cluster Manager","meta":[],"level":"info","message":"Starting 1 clusters with 1 shards","timestamp":"08/06/2021|16:53:46"}
{"source":"Cluster Manager","meta":[],"level":"info","message":"Started cluster 0","timestamp":"08/06/2021|16:53:46"}
{"source":"Cluster Manager","meta":[],"level":"info","message":"Started all clusters, connecting shards...","timestamp":"08/06/2021|16:53:46"}
{"source":"Cluster Manager","meta":[],"level":"info","message":"All shards spread","timestamp":"08/06/2021|16:53:46"}
{"source":"Cluster 0","meta":[],"level":"info","message":"Connecting with 1 shards","timestamp":"08/06/2021|16:53:47"}
{"source":"Cluster 0","stack":"RangeError: Maximum call stack size exceeded\n    at Logger.info (D:\\Main Files\\Eris-Discord-bot\\node_modules\\@dimensional-fun\\logger\\src\\Logger.ts:52:14)\n    at Bot.start (D:\\Main Files\\Eris-Discord-bot\\src\\client\\Client.ts:41:21)\n    at Bot.connect (D:\\Main Files\\Eris-Discord-bot\\src\\client\\Client.ts:35:20)\n    at Bot.start (D:\\Main Files\\Eris-Discord-bot\\src\\client\\Client.ts:43:20)\n    at Bot.connect (D:\\Main Files\\Eris-Discord-bot\\src\\client\\Client.ts:35:20)\n    at Bot.start (D:\\Main Files\\Eris-Discord-bot\\src\\client\\Client.ts:43:20)\n    at Bot.connect (D:\\Main Files\\Eris-Discord-bot\\src\\client\\Client.ts:35:20)\n    at Bot.start (D:\\Main Files\\Eris-Discord-bot\\src\\client\\Client.ts:43:20)\n    at Bot.connect (D:\\Main Files\\Eris-Discord-bot\\src\\client\\Client.ts:35:20)\n    at Bot.start (D:\\Main Files\\Eris-Discord-bot\\src\\client\\Client.ts:43:20)","meta":[],"level":"error","message":"Maximum call stack size exceeded","timestamp":"08/06/2021|16:53:47"}
{"source":"Cluster Manager","meta":[],"level":"info","message":"Initialising clusters...","timestamp":"08/06/2021|16:54:22"}
{"source":"Cluster Manager","meta":[],"level":"info","message":"Starting 1 clusters with 1 shards","timestamp":"08/06/2021|16:54:23"}
{"source":"Cluster Manager","meta":[],"level":"info","message":"Started cluster 0","timestamp":"08/06/2021|16:54:23"}
{"source":"Cluster Manager","meta":[],"level":"info","message":"Started all clusters, connecting shards...","timestamp":"08/06/2021|16:54:23"}
{"source":"Cluster Manager","meta":[],"level":"info","message":"All shards spread","timestamp":"08/06/2021|16:54:23"}
{"source":"Cluster 0","meta":[],"level":"info","message":"Connecting with 1 shards","timestamp":"08/06/2021|16:54:23"}
{"source":"Cluster 0","stack":"RangeError: Maximum call stack size exceeded\n    at Logger.info (D:\\Main Files\\Eris-Discord-bot\\node_modules\\@dimensional-fun\\logger\\src\\Logger.ts:52:14)\n    at Bot.start (D:\\Main Files\\Eris-Discord-bot\\src\\client\\Client.ts:41:21)\n    at Bot.connect (D:\\Main Files\\Eris-Discord-bot\\src\\client\\Client.ts:35:20)\n    at Bot.start (D:\\Main Files\\Eris-Discord-bot\\src\\client\\Client.ts:43:20)\n    at Bot.connect (D:\\Main Files\\Eris-Discord-bot\\src\\client\\Client.ts:35:20)\n    at Bot.start (D:\\Main Files\\Eris-Discord-bot\\src\\client\\Client.ts:43:20)\n    at Bot.connect (D:\\Main Files\\Eris-Discord-bot\\src\\client\\Client.ts:35:20)\n    at Bot.start (D:\\Main Files\\Eris-Discord-bot\\src\\client\\Client.ts:43:20)\n    at Bot.connect (D:\\Main Files\\Eris-Discord-bot\\src\\client\\Client.ts:35:20)\n    at Bot.start (D:\\Main Files\\Eris-Discord-bot\\src\\client\\Client.ts:43:20)","meta":[],"level":"error","message":"Maximum call stack size exceeded","timestamp":"08/06/2021|16:54:23"}
{"source":"Cluster Manager","meta":[],"level":"info","message":"Initialising clusters...","timestamp":"08/06/2021|16:54:57"}
{"source":"Cluster Manager","meta":[],"level":"info","message":"Starting 1 clusters with 1 shards","timestamp":"08/06/2021|16:54:57"}
{"source":"Cluster Manager","meta":[],"level":"info","message":"Started cluster 0","timestamp":"08/06/2021|16:54:57"}
{"source":"Cluster Manager","meta":[],"level":"info","message":"Started all clusters, connecting shards...","timestamp":"08/06/2021|16:54:57"}
{"source":"Cluster Manager","meta":[],"level":"info","message":"All shards spread","timestamp":"08/06/2021|16:54:57"}
{"source":"Cluster 0","meta":[],"level":"info","message":"Connecting with 1 shards","timestamp":"08/06/2021|16:54:58"}
{"source":"Cluster 0","stack":"RangeError: Maximum call stack size exceeded\n    at Logger.info (D:\\Main Files\\Eris-Discord-bot\\node_modules\\@dimensional-fun\\logger\\src\\Logger.ts:52:14)\n    at Bot.start (D:\\Main Files\\Eris-Discord-bot\\src\\client\\Client.ts:41:21)\n    at Bot.connect (D:\\Main Files\\Eris-Discord-bot\\src\\client\\Client.ts:35:20)\n    at Bot.start (D:\\Main Files\\Eris-Discord-bot\\src\\client\\Client.ts:43:20)\n    at Bot.connect (D:\\Main Files\\Eris-Discord-bot\\src\\client\\Client.ts:35:20)\n    at Bot.start (D:\\Main Files\\Eris-Discord-bot\\src\\client\\Client.ts:43:20)\n    at Bot.connect (D:\\Main Files\\Eris-Discord-bot\\src\\client\\Client.ts:35:20)\n    at Bot.start (D:\\Main Files\\Eris-Discord-bot\\src\\client\\Client.ts:43:20)\n    at Bot.connect (D:\\Main Files\\Eris-Discord-bot\\src\\client\\Client.ts:35:20)\n    at Bot.start (D:\\Main Files\\Eris-Discord-bot\\src\\client\\Client.ts:43:20)","meta":[],"level":"error","message":"Maximum call stack size exceeded","timestamp":"08/06/2021|16:54:58"}
{"level":"info","message":"Initialising clusters...","meta":[],"source":"Cluster Manager","timestamp":"17/01/2022|14:29:08"}
{"level":"info","message":"Starting 1 clusters with 1 shards","meta":[],"source":"Cluster Manager","timestamp":"17/01/2022|14:29:09"}
{"level":"info","message":"Started cluster 0","meta":[],"source":"Cluster Manager","timestamp":"17/01/2022|14:29:09"}
{"level":"info","message":"Started all clusters, connecting shards...","meta":[],"source":"Cluster Manager","timestamp":"17/01/2022|14:29:09"}
{"level":"info","message":"All shards spread","meta":[],"source":"Cluster Manager","timestamp":"17/01/2022|14:29:09"}
{"level":"info","message":"Connecting with 1 shards","meta":[],"source":"Cluster 0","timestamp":"17/01/2022|14:29:10"}
{"level":"info","message":"Initialising clusters...","meta":[],"source":"Cluster Manager","timestamp":"17/01/2022|14:30:02"}
{"level":"info","message":"Starting 1 clusters with 1 shards","meta":[],"source":"Cluster Manager","timestamp":"17/01/2022|14:30:02"}
{"level":"info","message":"Started cluster 0","meta":[],"source":"Cluster Manager","timestamp":"17/01/2022|14:30:02"}
{"level":"info","message":"Started all clusters, connecting shards...","meta":[],"source":"Cluster Manager","timestamp":"17/01/2022|14:30:02"}
{"level":"info","message":"All shards spread","meta":[],"source":"Cluster Manager","timestamp":"17/01/2022|14:30:02"}
{"level":"info","message":"Connecting with 1 shards","meta":[],"source":"Cluster 0","timestamp":"17/01/2022|14:30:03"}
{"level":"info","message":"Initialising clusters...","meta":[],"source":"Cluster Manager","timestamp":"17/01/2022|14:31:59"}
{"level":"info","message":"Starting 1 clusters with 1 shards","meta":[],"source":"Cluster Manager","timestamp":"17/01/2022|14:31:59"}
{"level":"info","message":"Started cluster 0","meta":[],"source":"Cluster Manager","timestamp":"17/01/2022|14:31:59"}
{"level":"info","message":"Started all clusters, connecting shards...","meta":[],"source":"Cluster Manager","timestamp":"17/01/2022|14:31:59"}
{"level":"info","message":"All shards spread","meta":[],"source":"Cluster Manager","timestamp":"17/01/2022|14:31:59"}
{"level":"info","message":"Connecting with 1 shards","meta":[],"source":"Cluster 0","timestamp":"17/01/2022|14:32:00"}
{"level":"info","message":"Initialising clusters...","meta":[],"source":"Cluster Manager","timestamp":"17/01/2022|14:36:54"}
{"level":"info","message":"Starting 1 clusters with 1 shards","meta":[],"source":"Cluster Manager","timestamp":"17/01/2022|14:36:54"}
{"level":"info","message":"Started cluster 0","meta":[],"source":"Cluster Manager","timestamp":"17/01/2022|14:36:54"}
{"level":"info","message":"Started all clusters, connecting shards...","meta":[],"source":"Cluster Manager","timestamp":"17/01/2022|14:36:54"}
{"level":"info","message":"All shards spread","meta":[],"source":"Cluster Manager","timestamp":"17/01/2022|14:36:54"}
{"level":"info","message":"Connecting with 1 shards","meta":[],"source":"Cluster 0","timestamp":"17/01/2022|14:36:55"}
{"level":"info","message":"Initialising clusters...","meta":[],"source":"Cluster Manager","timestamp":"17/01/2022|14:45:26"}
{"level":"info","message":"Starting 1 clusters with 1 shards","meta":[],"source":"Cluster Manager","timestamp":"17/01/2022|14:45:26"}
{"level":"info","message":"Started cluster 0","meta":[],"source":"Cluster Manager","timestamp":"17/01/2022|14:45:26"}
{"level":"info","message":"Started all clusters, connecting shards...","meta":[],"source":"Cluster Manager","timestamp":"17/01/2022|14:45:26"}
{"level":"info","message":"All shards spread","meta":[],"source":"Cluster Manager","timestamp":"17/01/2022|14:45:26"}
{"level":"info","message":"Connecting with 1 shards","meta":[],"source":"Cluster 0","timestamp":"17/01/2022|14:45:27"}
{"level":"info","message":"Initialising clusters...","meta":[],"source":"Cluster Manager","timestamp":"31/01/2022|16:33:54"}
{"level":"info","message":"Starting 1 clusters with 1 shards","meta":[],"source":"Cluster Manager","timestamp":"31/01/2022|16:33:55"}
{"level":"info","message":"Started cluster 0","meta":[],"source":"Cluster Manager","timestamp":"31/01/2022|16:33:55"}
{"level":"info","message":"Started all clusters, connecting shards...","meta":[],"source":"Cluster Manager","timestamp":"31/01/2022|16:33:55"}
{"level":"info","message":"All shards spread","meta":[],"source":"Cluster Manager","timestamp":"31/01/2022|16:33:55"}
{"level":"info","message":"Connecting with 1 shards","meta":[],"source":"Cluster 0","timestamp":"31/01/2022|16:33:56"}
{"level":"error","message":"bind EADDRINUSE null:3003","meta":[],"source":"Cluster 0","stack":"Error: bind EADDRINUSE null:3003\n    at listenOnPrimaryHandle (node:net:1397:18)\n    at shared (node:internal/cluster/child:149:3)\n    at Worker.<anonymous> (node:internal/cluster/child:106:7)\n    at process.onInternalMessage (node:internal/cluster/utils:49:5)\n    at process.emit (node:events:532:35)\n    at process.emit (D:\\Code-Tings\\Vade-Eris\\node_modules\\source-map-support\\source-map-support.js:516:21)\n    at emit (node:internal/child_process:936:14)\n    at processTicksAndRejections (node:internal/process/task_queues:84:21)","timestamp":"31/01/2022|16:33:56"}
{"level":"error","message":"Channel closed","meta":[],"source":"Cluster Manager","stack":"Error: Channel closed\n    at new NodeError (node:internal/errors:371:5)\n    at process.target.send (node:internal/child_process:739:16)\n    at ChildProcess.relayMessage (D:\\Code-Tings\\Vade-Eris\\node_modules\\ts-node-dev\\lib\\ipc.js:31:18)\n    at ChildProcess.emit (node:events:532:35)\n    at emit (node:internal/child_process:936:14)\n    at processTicksAndRejections (node:internal/process/task_queues:84:21)","timestamp":"31/01/2022|16:33:56"}
{"level":"error","message":"Channel closed","meta":[],"source":"Cluster Manager","stack":"Error: Channel closed\n    at new NodeError (node:internal/errors:371:5)\n    at process.target.send (node:internal/child_process:739:16)\n    at Object.exports.send (D:\\Code-Tings\\Vade-Eris\\node_modules\\ts-node-dev\\lib\\ipc.js:17:14)\n    at process.<anonymous> (D:\\Code-Tings\\Vade-Eris\\node_modules\\ts-node-dev\\lib\\wrap.js:78:9)\n    at process.emit (node:events:532:35)\n    at process.emit (D:\\Code-Tings\\Vade-Eris\\node_modules\\source-map-support\\source-map-support.js:516:21)\n    at process._fatalException (node:internal/process/execution:164:25)","timestamp":"31/01/2022|16:33:56"}
{"level":"info","message":"Initialising clusters...","meta":[],"source":"Cluster Manager","timestamp":"31/01/2022|16:35:05"}
{"level":"info","message":"Starting 1 clusters with 1 shards","meta":[],"source":"Cluster Manager","timestamp":"31/01/2022|16:35:05"}
{"level":"info","message":"Started cluster 0","meta":[],"source":"Cluster Manager","timestamp":"31/01/2022|16:35:05"}
{"level":"info","message":"Started all clusters, connecting shards...","meta":[],"source":"Cluster Manager","timestamp":"31/01/2022|16:35:05"}
{"level":"info","message":"All shards spread","meta":[],"source":"Cluster Manager","timestamp":"31/01/2022|16:35:05"}
{"level":"info","message":"Connecting with 1 shards","meta":[],"source":"Cluster 0","timestamp":"31/01/2022|16:35:06"}
{"level":"info","message":"Initialising clusters...","meta":[],"source":"Cluster Manager","timestamp":"31/01/2022|16:37:23"}
{"level":"info","message":"Starting 1 clusters with 1 shards","meta":[],"source":"Cluster Manager","timestamp":"31/01/2022|16:37:23"}
{"level":"info","message":"Started cluster 0","meta":[],"source":"Cluster Manager","timestamp":"31/01/2022|16:37:23"}
{"level":"info","message":"Started all clusters, connecting shards...","meta":[],"source":"Cluster Manager","timestamp":"31/01/2022|16:37:23"}
{"level":"info","message":"All shards spread","meta":[],"source":"Cluster Manager","timestamp":"31/01/2022|16:37:23"}
{"level":"info","message":"Connecting with 1 shards","meta":[],"source":"Cluster 0","timestamp":"31/01/2022|16:37:24"}
{"level":"error","message":"Shard 0 error: Disallowed intents specified","meta":[{"code":4014}],"source":"Cluster 0","stack":"Shard 0 error: Disallowed intents specified","timestamp":"31/01/2022|16:37:25"}
{"level":"error","message":"Shard 0 disconnected","meta":[{"code":4014}],"source":"Cluster 0","stack":"Shard 0 disconnected","timestamp":"31/01/2022|16:37:25"}
{"level":"info","message":"Initialising clusters...","meta":[],"source":"Cluster Manager","timestamp":"31/01/2022|16:37:46"}
{"level":"info","message":"Starting 1 clusters with 1 shards","meta":[],"source":"Cluster Manager","timestamp":"31/01/2022|16:37:47"}
{"level":"info","message":"Started cluster 0","meta":[],"source":"Cluster Manager","timestamp":"31/01/2022|16:37:47"}
{"level":"info","message":"Started all clusters, connecting shards...","meta":[],"source":"Cluster Manager","timestamp":"31/01/2022|16:37:47"}
{"level":"info","message":"All shards spread","meta":[],"source":"Cluster Manager","timestamp":"31/01/2022|16:37:47"}
{"level":"info","message":"Connecting with 1 shards","meta":[],"source":"Cluster 0","timestamp":"31/01/2022|16:37:48"}
{"level":"error","message":"Missing Access","meta":[],"source":"Cluster 0","stack":"DiscordRESTError [50001]: Missing Access\n    at RequestHandler.request (D:\\Code-Tings\\Vade-Eris\\node_modules\\eris\\lib\\rest\\RequestHandler.js:75:15)\n    at ClusterManager.<anonymous> (D:\\Code-Tings\\Vade-Eris\\node_modules\\@nedbot\\sharder\\dist\\cluster\\ClusterManager.js:185:71)\n    at Generator.next (<anonymous>)\n    at D:\\Code-Tings\\Vade-Eris\\node_modules\\@nedbot\\sharder\\dist\\cluster\\ClusterManager.js:8:71\n    at new Promise (<anonymous>)\n    at __awaiter (D:\\Code-Tings\\Vade-Eris\\node_modules\\@nedbot\\sharder\\dist\\cluster\\ClusterManager.js:4:12)\n    at EventEmitter.<anonymous> (D:\\Code-Tings\\Vade-Eris\\node_modules\\@nedbot\\sharder\\dist\\cluster\\ClusterManager.js:103:54)\n    at EventEmitter.emit (node:events:520:28)\n    at Worker.<anonymous> (node:internal/cluster/primary:186:13)\n    at Worker.emit (node:events:520:28)\n    at ChildProcess.<anonymous> (node:internal/cluster/worker:33:12)\n    at ChildProcess.emit (node:events:520:28)\n    at emit (node:internal/child_process:936:14)\n    at processTicksAndRejections (node:internal/process/task_queues:84:21)\n    at D:\\Code-Tings\\Vade-Eris\\node_modules\\@nedbot\\sharder\\dist\\struct\\RequestHandler.js:15:34\n    at new Promise (<anonymous>)\n    at SyncedRequestHandler.request (D:\\Code-Tings\\Vade-Eris\\node_modules\\@nedbot\\sharder\\dist\\struct\\RequestHandler.js:14:16)\n    at Bot.bulkEditGuildCommands (D:\\Code-Tings\\Vade-Eris\\node_modules\\eris\\lib\\Client.js:400:36)\n    at Guild.bulkEditCommands (D:\\Code-Tings\\Vade-Eris\\node_modules\\eris\\lib\\structures\\Guild.js:386:51)\n    at ReadyEvent.run (D:\\Code-Tings\\Vade-Eris\\dist\\Events\\Client Events\\Ready.js:57:19)\n    at processTicksAndRejections (node:internal/process/task_queues:96:5)","timestamp":"31/01/2022|16:37:49"}
{"level":"info","message":"Initialising clusters...","meta":[],"source":"Cluster Manager","timestamp":"31/01/2022|16:40:48"}
{"level":"info","message":"Starting 1 clusters with 1 shards","meta":[],"source":"Cluster Manager","timestamp":"31/01/2022|16:40:48"}
{"level":"info","message":"Started cluster 0","meta":[],"source":"Cluster Manager","timestamp":"31/01/2022|16:40:48"}
{"level":"info","message":"Started all clusters, connecting shards...","meta":[],"source":"Cluster Manager","timestamp":"31/01/2022|16:40:48"}
{"level":"info","message":"All shards spread","meta":[],"source":"Cluster Manager","timestamp":"31/01/2022|16:40:48"}
{"level":"info","message":"Connecting with 1 shards","meta":[],"source":"Cluster 0","timestamp":"31/01/2022|16:40:49"}
{"level":"error","message":"Missing Access","meta":[],"source":"Cluster 0","stack":"DiscordRESTError [50001]: Missing Access\n    at RequestHandler.request (D:\\Code-Tings\\Vade-Eris\\node_modules\\eris\\lib\\rest\\RequestHandler.js:75:15)\n    at ClusterManager.<anonymous> (D:\\Code-Tings\\Vade-Eris\\node_modules\\@nedbot\\sharder\\dist\\cluster\\ClusterManager.js:185:71)\n    at Generator.next (<anonymous>)\n    at D:\\Code-Tings\\Vade-Eris\\node_modules\\@nedbot\\sharder\\dist\\cluster\\ClusterManager.js:8:71\n    at new Promise (<anonymous>)\n    at __awaiter (D:\\Code-Tings\\Vade-Eris\\node_modules\\@nedbot\\sharder\\dist\\cluster\\ClusterManager.js:4:12)\n    at EventEmitter.<anonymous> (D:\\Code-Tings\\Vade-Eris\\node_modules\\@nedbot\\sharder\\dist\\cluster\\ClusterManager.js:103:54)\n    at EventEmitter.emit (node:events:520:28)\n    at Worker.<anonymous> (node:internal/cluster/primary:186:13)\n    at Worker.emit (node:events:520:28)\n    at ChildProcess.<anonymous> (node:internal/cluster/worker:33:12)\n    at ChildProcess.emit (node:events:520:28)\n    at emit (node:internal/child_process:936:14)\n    at processTicksAndRejections (node:internal/process/task_queues:84:21)\n    at D:\\Code-Tings\\Vade-Eris\\node_modules\\@nedbot\\sharder\\dist\\struct\\RequestHandler.js:15:34\n    at new Promise (<anonymous>)\n    at SyncedRequestHandler.request (D:\\Code-Tings\\Vade-Eris\\node_modules\\@nedbot\\sharder\\dist\\struct\\RequestHandler.js:14:16)\n    at Bot.bulkEditGuildCommands (D:\\Code-Tings\\Vade-Eris\\node_modules\\eris\\lib\\Client.js:400:36)\n    at Guild.bulkEditCommands (D:\\Code-Tings\\Vade-Eris\\node_modules\\eris\\lib\\structures\\Guild.js:386:51)\n    at ReadyEvent.run (D:\\Code-Tings\\Vade-Eris\\dist\\Events\\Client Events\\Ready.js:57:19)\n    at processTicksAndRejections (node:internal/process/task_queues:96:5)","timestamp":"31/01/2022|16:40:50"}
{"level":"error","message":"Cannot read properties of undefined (reading 'mention')","meta":[],"source":"Cluster 0","stack":"TypeError: Cannot read properties of undefined (reading 'mention')\n    at GuildMemberEvent.run (D:\\Code-Tings\\Vade-Eris\\dist\\Events\\Guild Events\\guildMemberUpdate.js:60:70)\n    at processTicksAndRejections (node:internal/process/task_queues:96:5)","timestamp":"31/01/2022|16:41:01"}
{"level":"error","message":"Missing Access","meta":[],"source":"Cluster 0","stack":"DiscordRESTError [50001]: Missing Access\n    at RequestHandler.request (D:\\Code-Tings\\Vade-Eris\\node_modules\\eris\\lib\\rest\\RequestHandler.js:75:15)\n    at ClusterManager.<anonymous> (D:\\Code-Tings\\Vade-Eris\\node_modules\\@nedbot\\sharder\\dist\\cluster\\ClusterManager.js:185:71)\n    at Generator.next (<anonymous>)\n    at D:\\Code-Tings\\Vade-Eris\\node_modules\\@nedbot\\sharder\\dist\\cluster\\ClusterManager.js:8:71\n    at new Promise (<anonymous>)\n    at __awaiter (D:\\Code-Tings\\Vade-Eris\\node_modules\\@nedbot\\sharder\\dist\\cluster\\ClusterManager.js:4:12)\n    at EventEmitter.<anonymous> (D:\\Code-Tings\\Vade-Eris\\node_modules\\@nedbot\\sharder\\dist\\cluster\\ClusterManager.js:103:54)\n    at EventEmitter.emit (node:events:520:28)\n    at Worker.<anonymous> (node:internal/cluster/primary:186:13)\n    at Worker.emit (node:events:520:28)\n    at ChildProcess.<anonymous> (node:internal/cluster/worker:33:12)\n    at ChildProcess.emit (node:events:520:28)\n    at emit (node:internal/child_process:936:14)\n    at processTicksAndRejections (node:internal/process/task_queues:84:21)\n    at D:\\Code-Tings\\Vade-Eris\\node_modules\\@nedbot\\sharder\\dist\\struct\\RequestHandler.js:15:34\n    at new Promise (<anonymous>)\n    at SyncedRequestHandler.request (D:\\Code-Tings\\Vade-Eris\\node_modules\\@nedbot\\sharder\\dist\\struct\\RequestHandler.js:14:16)\n    at Bot.getRESTGuild (D:\\Code-Tings\\Vade-Eris\\node_modules\\eris\\lib\\Client.js:2742:36)\n    at guildCreateEvent.run (D:\\Code-Tings\\Vade-Eris\\dist\\Events\\Guild Events\\guildDelete.js:10:46)\n    at Bot.<anonymous> (D:\\Code-Tings\\Vade-Eris\\dist\\Client\\Client.js:144:74)\n    at Bot.emit (node:events:520:28)\n    at Shard.emit (D:\\Code-Tings\\Vade-Eris\\node_modules\\eris\\lib\\gateway\\Shard.js:243:26)\n    at Shard.wsEvent (D:\\Code-Tings\\Vade-Eris\\node_modules\\eris\\lib\\gateway\\Shard.js:1337:26)\n    at Shard.onPacket (D:\\Code-Tings\\Vade-Eris\\node_modules\\eris\\lib\\gateway\\Shard.js:403:26)\n    at Shard._onWSMessage (D:\\Code-Tings\\Vade-Eris\\node_modules\\eris\\lib\\gateway\\Shard.js:2575:29)\n    at WebSocket.emit (node:events:520:28)\n    at Receiver.receiverOnMessage (D:\\Code-Tings\\Vade-Eris\\node_modules\\eris\\node_modules\\ws\\lib\\websocket.js:1098:20)\n    at Receiver.emit (node:events:520:28)\n    at Receiver.dataMessage (D:\\Code-Tings\\Vade-Eris\\node_modules\\eris\\node_modules\\ws\\lib\\receiver.js:528:14)\n    at Receiver.getData (D:\\Code-Tings\\Vade-Eris\\node_modules\\eris\\node_modules\\ws\\lib\\receiver.js:446:17)","timestamp":"31/01/2022|16:41:01"}
{"level":"info","message":"Initialising clusters...","meta":[],"source":"Cluster Manager","timestamp":"31/01/2022|16:41:55"}
{"level":"info","message":"Starting 1 clusters with 1 shards","meta":[],"source":"Cluster Manager","timestamp":"31/01/2022|16:41:56"}
{"level":"info","message":"Started cluster 0","meta":[],"source":"Cluster Manager","timestamp":"31/01/2022|16:41:56"}
{"level":"info","message":"Started all clusters, connecting shards...","meta":[],"source":"Cluster Manager","timestamp":"31/01/2022|16:41:56"}
{"level":"info","message":"All shards spread","meta":[],"source":"Cluster Manager","timestamp":"31/01/2022|16:41:56"}
{"level":"info","message":"Connecting with 1 shards","meta":[],"source":"Cluster 0","timestamp":"31/01/2022|16:41:57"}
{"level":"info","message":"Initialising clusters...","meta":[],"source":"Cluster Manager","timestamp":"31/01/2022|16:43:06"}
{"level":"info","message":"Starting 1 clusters with 1 shards","meta":[],"source":"Cluster Manager","timestamp":"31/01/2022|16:43:06"}
{"level":"info","message":"Started cluster 0","meta":[],"source":"Cluster Manager","timestamp":"31/01/2022|16:43:06"}
{"level":"info","message":"Started all clusters, connecting shards...","meta":[],"source":"Cluster Manager","timestamp":"31/01/2022|16:43:06"}
{"level":"info","message":"All shards spread","meta":[],"source":"Cluster Manager","timestamp":"31/01/2022|16:43:06"}
{"level":"info","message":"Connecting with 1 shards","meta":[],"source":"Cluster 0","timestamp":"31/01/2022|16:43:07"}
{"level":"info","message":"Initialising clusters...","meta":[],"source":"Cluster Manager","timestamp":"31/01/2022|16:56:55"}
{"level":"info","message":"Starting 1 clusters with 1 shards","meta":[],"source":"Cluster Manager","timestamp":"31/01/2022|16:56:56"}
{"level":"info","message":"Started cluster 0","meta":[],"source":"Cluster Manager","timestamp":"31/01/2022|16:56:56"}
{"level":"info","message":"Started all clusters, connecting shards...","meta":[],"source":"Cluster Manager","timestamp":"31/01/2022|16:56:56"}
{"level":"info","message":"All shards spread","meta":[],"source":"Cluster Manager","timestamp":"31/01/2022|16:56:56"}
{"level":"info","message":"Connecting with 1 shards","meta":[],"source":"Cluster 0","timestamp":"31/01/2022|16:56:56"}
{"level":"info","message":"Initialising clusters...","meta":[],"source":"Cluster Manager","timestamp":"31/01/2022|20:14:48"}
{"level":"info","message":"Starting 1 clusters with 1 shards","meta":[],"source":"Cluster Manager","timestamp":"31/01/2022|20:14:48"}
{"level":"info","message":"Started cluster 0","meta":[],"source":"Cluster Manager","timestamp":"31/01/2022|20:14:48"}
{"level":"info","message":"Started all clusters, connecting shards...","meta":[],"source":"Cluster Manager","timestamp":"31/01/2022|20:14:48"}
{"level":"info","message":"All shards spread","meta":[],"source":"Cluster Manager","timestamp":"31/01/2022|20:14:48"}
{"level":"info","message":"Connecting with 1 shards","meta":[],"source":"Cluster 0","timestamp":"31/01/2022|20:14:49"}
{"level":"error","message":"Invalid Form Body\n  0.options.4.options.1.description: This field is required","meta":[],"source":"Cluster 0","stack":"DiscordRESTError [50035]: Invalid Form Body\n  0.options.4.options.1.description: This field is required\n    at RequestHandler.request (D:\\Code-Tings\\Vade-Eris\\node_modules\\eris\\lib\\rest\\RequestHandler.js:75:15)\n    at ClusterManager.<anonymous> (D:\\Code-Tings\\Vade-Eris\\node_modules\\@nedbot\\sharder\\dist\\cluster\\ClusterManager.js:185:71)\n    at Generator.next (<anonymous>)\n    at D:\\Code-Tings\\Vade-Eris\\node_modules\\@nedbot\\sharder\\dist\\cluster\\ClusterManager.js:8:71\n    at new Promise (<anonymous>)\n    at __awaiter (D:\\Code-Tings\\Vade-Eris\\node_modules\\@nedbot\\sharder\\dist\\cluster\\ClusterManager.js:4:12)\n    at EventEmitter.<anonymous> (D:\\Code-Tings\\Vade-Eris\\node_modules\\@nedbot\\sharder\\dist\\cluster\\ClusterManager.js:103:54)\n    at EventEmitter.emit (node:events:520:28)\n    at Worker.<anonymous> (node:internal/cluster/primary:186:13)\n    at Worker.emit (node:events:520:28)\n    at ChildProcess.<anonymous> (node:internal/cluster/worker:33:12)\n    at ChildProcess.emit (node:events:520:28)\n    at emit (node:internal/child_process:936:14)\n    at processTicksAndRejections (node:internal/process/task_queues:84:21)\n    at D:\\Code-Tings\\Vade-Eris\\node_modules\\@nedbot\\sharder\\dist\\struct\\RequestHandler.js:15:34\n    at new Promise (<anonymous>)\n    at SyncedRequestHandler.request (D:\\Code-Tings\\Vade-Eris\\node_modules\\@nedbot\\sharder\\dist\\struct\\RequestHandler.js:14:16)\n    at Bot.bulkEditGuildCommands (D:\\Code-Tings\\Vade-Eris\\node_modules\\eris\\lib\\Client.js:400:36)\n    at Guild.bulkEditCommands (D:\\Code-Tings\\Vade-Eris\\node_modules\\eris\\lib\\structures\\Guild.js:386:51)\n    at ReadyEvent.run (D:\\Code-Tings\\Vade-Eris\\dist\\Events\\Client Events\\Ready.js:57:19)\n    at processTicksAndRejections (node:internal/process/task_queues:96:5)","timestamp":"31/01/2022|20:14:51"}
{"level":"info","message":"Initialising clusters...","meta":[],"source":"Cluster Manager","timestamp":"31/01/2022|20:16:05"}
{"level":"info","message":"Starting 1 clusters with 1 shards","meta":[],"source":"Cluster Manager","timestamp":"31/01/2022|20:16:05"}
{"level":"info","message":"Started cluster 0","meta":[],"source":"Cluster Manager","timestamp":"31/01/2022|20:16:06"}
{"level":"info","message":"Started all clusters, connecting shards...","meta":[],"source":"Cluster Manager","timestamp":"31/01/2022|20:16:06"}
{"level":"info","message":"All shards spread","meta":[],"source":"Cluster Manager","timestamp":"31/01/2022|20:16:06"}
{"level":"info","message":"Connecting with 1 shards","meta":[],"source":"Cluster 0","timestamp":"31/01/2022|20:16:06"}
{"level":"error","message":"Invalid Form Body\n  0.options.4.options.1.description: This field is required","meta":[],"source":"Cluster 0","stack":"DiscordRESTError [50035]: Invalid Form Body\n  0.options.4.options.1.description: This field is required\n    at RequestHandler.request (D:\\Code-Tings\\Vade-Eris\\node_modules\\eris\\lib\\rest\\RequestHandler.js:75:15)\n    at ClusterManager.<anonymous> (D:\\Code-Tings\\Vade-Eris\\node_modules\\@nedbot\\sharder\\dist\\cluster\\ClusterManager.js:185:71)\n    at Generator.next (<anonymous>)\n    at D:\\Code-Tings\\Vade-Eris\\node_modules\\@nedbot\\sharder\\dist\\cluster\\ClusterManager.js:8:71\n    at new Promise (<anonymous>)\n    at __awaiter (D:\\Code-Tings\\Vade-Eris\\node_modules\\@nedbot\\sharder\\dist\\cluster\\ClusterManager.js:4:12)\n    at EventEmitter.<anonymous> (D:\\Code-Tings\\Vade-Eris\\node_modules\\@nedbot\\sharder\\dist\\cluster\\ClusterManager.js:103:54)\n    at EventEmitter.emit (node:events:520:28)\n    at Worker.<anonymous> (node:internal/cluster/primary:186:13)\n    at Worker.emit (node:events:520:28)\n    at ChildProcess.<anonymous> (node:internal/cluster/worker:33:12)\n    at ChildProcess.emit (node:events:520:28)\n    at emit (node:internal/child_process:936:14)\n    at processTicksAndRejections (node:internal/process/task_queues:84:21)\n    at D:\\Code-Tings\\Vade-Eris\\node_modules\\@nedbot\\sharder\\dist\\struct\\RequestHandler.js:15:34\n    at new Promise (<anonymous>)\n    at SyncedRequestHandler.request (D:\\Code-Tings\\Vade-Eris\\node_modules\\@nedbot\\sharder\\dist\\struct\\RequestHandler.js:14:16)\n    at Bot.bulkEditGuildCommands (D:\\Code-Tings\\Vade-Eris\\node_modules\\eris\\lib\\Client.js:400:36)\n    at Guild.bulkEditCommands (D:\\Code-Tings\\Vade-Eris\\node_modules\\eris\\lib\\structures\\Guild.js:386:51)\n    at ReadyEvent.run (D:\\Code-Tings\\Vade-Eris\\dist\\Events\\Client Events\\Ready.js:57:19)\n    at processTicksAndRejections (node:internal/process/task_queues:96:5)","timestamp":"31/01/2022|20:16:07"}
{"level":"info","message":"Initialising clusters...","meta":[],"source":"Cluster Manager","timestamp":"31/01/2022|20:18:24"}
{"level":"info","message":"Starting 1 clusters with 1 shards","meta":[],"source":"Cluster Manager","timestamp":"31/01/2022|20:18:24"}
{"level":"info","message":"Started cluster 0","meta":[],"source":"Cluster Manager","timestamp":"31/01/2022|20:18:24"}
{"level":"info","message":"Started all clusters, connecting shards...","meta":[],"source":"Cluster Manager","timestamp":"31/01/2022|20:18:24"}
{"level":"info","message":"All shards spread","meta":[],"source":"Cluster Manager","timestamp":"31/01/2022|20:18:24"}
{"level":"info","message":"Connecting with 1 shards","meta":[],"source":"Cluster 0","timestamp":"31/01/2022|20:18:25"}
{"level":"error","message":"Invalid Form Body\n  0.options.4.options.1.description: This field is required","meta":[],"source":"Cluster 0","stack":"DiscordRESTError [50035]: Invalid Form Body\n  0.options.4.options.1.description: This field is required\n    at RequestHandler.request (D:\\Code-Tings\\Vade-Eris\\node_modules\\eris\\lib\\rest\\RequestHandler.js:75:15)\n    at ClusterManager.<anonymous> (D:\\Code-Tings\\Vade-Eris\\node_modules\\@nedbot\\sharder\\dist\\cluster\\ClusterManager.js:185:71)\n    at Generator.next (<anonymous>)\n    at D:\\Code-Tings\\Vade-Eris\\node_modules\\@nedbot\\sharder\\dist\\cluster\\ClusterManager.js:8:71\n    at new Promise (<anonymous>)\n    at __awaiter (D:\\Code-Tings\\Vade-Eris\\node_modules\\@nedbot\\sharder\\dist\\cluster\\ClusterManager.js:4:12)\n    at EventEmitter.<anonymous> (D:\\Code-Tings\\Vade-Eris\\node_modules\\@nedbot\\sharder\\dist\\cluster\\ClusterManager.js:103:54)\n    at EventEmitter.emit (node:events:520:28)\n    at Worker.<anonymous> (node:internal/cluster/primary:186:13)\n    at Worker.emit (node:events:520:28)\n    at ChildProcess.<anonymous> (node:internal/cluster/worker:33:12)\n    at ChildProcess.emit (node:events:520:28)\n    at emit (node:internal/child_process:936:14)\n    at processTicksAndRejections (node:internal/process/task_queues:84:21)\n    at D:\\Code-Tings\\Vade-Eris\\node_modules\\@nedbot\\sharder\\dist\\struct\\RequestHandler.js:15:34\n    at new Promise (<anonymous>)\n    at SyncedRequestHandler.request (D:\\Code-Tings\\Vade-Eris\\node_modules\\@nedbot\\sharder\\dist\\struct\\RequestHandler.js:14:16)\n    at Bot.bulkEditGuildCommands (D:\\Code-Tings\\Vade-Eris\\node_modules\\eris\\lib\\Client.js:400:36)\n    at Guild.bulkEditCommands (D:\\Code-Tings\\Vade-Eris\\node_modules\\eris\\lib\\structures\\Guild.js:386:51)\n    at ReadyEvent.run (D:\\Code-Tings\\Vade-Eris\\dist\\Events\\Client Events\\Ready.js:57:19)\n    at processTicksAndRejections (node:internal/process/task_queues:96:5)","timestamp":"31/01/2022|20:18:26"}
{"level":"info","message":"Initialising clusters...","meta":[],"source":"Cluster Manager","timestamp":"31/01/2022|20:23:02"}
{"level":"info","message":"Starting 1 clusters with 1 shards","meta":[],"source":"Cluster Manager","timestamp":"31/01/2022|20:23:03"}
{"level":"info","message":"Started cluster 0","meta":[],"source":"Cluster Manager","timestamp":"31/01/2022|20:23:03"}
{"level":"info","message":"Started all clusters, connecting shards...","meta":[],"source":"Cluster Manager","timestamp":"31/01/2022|20:23:03"}
{"level":"info","message":"All shards spread","meta":[],"source":"Cluster Manager","timestamp":"31/01/2022|20:23:03"}
{"level":"info","message":"Connecting with 1 shards","meta":[],"source":"Cluster 0","timestamp":"31/01/2022|20:23:04"}
{"level":"error","message":"Invalid Form Body\n  0.options.4.options.1.description: This field is required","meta":[],"source":"Cluster 0","stack":"DiscordRESTError [50035]: Invalid Form Body\n  0.options.4.options.1.description: This field is required\n    at RequestHandler.request (D:\\Code-Tings\\Vade-Eris\\node_modules\\eris\\lib\\rest\\RequestHandler.js:75:15)\n    at ClusterManager.<anonymous> (D:\\Code-Tings\\Vade-Eris\\node_modules\\@nedbot\\sharder\\dist\\cluster\\ClusterManager.js:185:71)\n    at Generator.next (<anonymous>)\n    at D:\\Code-Tings\\Vade-Eris\\node_modules\\@nedbot\\sharder\\dist\\cluster\\ClusterManager.js:8:71\n    at new Promise (<anonymous>)\n    at __awaiter (D:\\Code-Tings\\Vade-Eris\\node_modules\\@nedbot\\sharder\\dist\\cluster\\ClusterManager.js:4:12)\n    at EventEmitter.<anonymous> (D:\\Code-Tings\\Vade-Eris\\node_modules\\@nedbot\\sharder\\dist\\cluster\\ClusterManager.js:103:54)\n    at EventEmitter.emit (node:events:520:28)\n    at Worker.<anonymous> (node:internal/cluster/primary:186:13)\n    at Worker.emit (node:events:520:28)\n    at ChildProcess.<anonymous> (node:internal/cluster/worker:33:12)\n    at ChildProcess.emit (node:events:520:28)\n    at emit (node:internal/child_process:936:14)\n    at processTicksAndRejections (node:internal/process/task_queues:84:21)\n    at D:\\Code-Tings\\Vade-Eris\\node_modules\\@nedbot\\sharder\\dist\\struct\\RequestHandler.js:15:34\n    at new Promise (<anonymous>)\n    at SyncedRequestHandler.request (D:\\Code-Tings\\Vade-Eris\\node_modules\\@nedbot\\sharder\\dist\\struct\\RequestHandler.js:14:16)\n    at Bot.bulkEditGuildCommands (D:\\Code-Tings\\Vade-Eris\\node_modules\\eris\\lib\\Client.js:400:36)\n    at Guild.bulkEditCommands (D:\\Code-Tings\\Vade-Eris\\node_modules\\eris\\lib\\structures\\Guild.js:386:51)\n    at ReadyEvent.run (D:\\Code-Tings\\Vade-Eris\\dist\\Events\\Client Events\\Ready.js:57:19)\n    at processTicksAndRejections (node:internal/process/task_queues:96:5)","timestamp":"31/01/2022|20:23:05"}
{"level":"info","message":"Initialising clusters...","meta":[],"source":"Cluster Manager","timestamp":"31/01/2022|20:23:49"}
{"level":"info","message":"Starting 1 clusters with 1 shards","meta":[],"source":"Cluster Manager","timestamp":"31/01/2022|20:23:49"}
{"level":"info","message":"Started cluster 0","meta":[],"source":"Cluster Manager","timestamp":"31/01/2022|20:23:49"}
{"level":"info","message":"Started all clusters, connecting shards...","meta":[],"source":"Cluster Manager","timestamp":"31/01/2022|20:23:49"}
{"level":"info","message":"All shards spread","meta":[],"source":"Cluster Manager","timestamp":"31/01/2022|20:23:49"}
{"level":"info","message":"Connecting with 1 shards","meta":[],"source":"Cluster 0","timestamp":"31/01/2022|20:23:50"}
{"level":"error","message":"Invalid Form Body\n  0.options.4.options.1.choices.0.value: Choice values must be of type \"number\"","meta":[],"source":"Cluster 0","stack":"DiscordRESTError [50035]: Invalid Form Body\n  0.options.4.options.1.choices.0.value: Choice values must be of type \"number\"\n    at RequestHandler.request (D:\\Code-Tings\\Vade-Eris\\node_modules\\eris\\lib\\rest\\RequestHandler.js:75:15)\n    at ClusterManager.<anonymous> (D:\\Code-Tings\\Vade-Eris\\node_modules\\@nedbot\\sharder\\dist\\cluster\\ClusterManager.js:185:71)\n    at Generator.next (<anonymous>)\n    at D:\\Code-Tings\\Vade-Eris\\node_modules\\@nedbot\\sharder\\dist\\cluster\\ClusterManager.js:8:71\n    at new Promise (<anonymous>)\n    at __awaiter (D:\\Code-Tings\\Vade-Eris\\node_modules\\@nedbot\\sharder\\dist\\cluster\\ClusterManager.js:4:12)\n    at EventEmitter.<anonymous> (D:\\Code-Tings\\Vade-Eris\\node_modules\\@nedbot\\sharder\\dist\\cluster\\ClusterManager.js:103:54)\n    at EventEmitter.emit (node:events:520:28)\n    at Worker.<anonymous> (node:internal/cluster/primary:186:13)\n    at Worker.emit (node:events:520:28)\n    at ChildProcess.<anonymous> (node:internal/cluster/worker:33:12)\n    at ChildProcess.emit (node:events:520:28)\n    at emit (node:internal/child_process:936:14)\n    at processTicksAndRejections (node:internal/process/task_queues:84:21)\n    at D:\\Code-Tings\\Vade-Eris\\node_modules\\@nedbot\\sharder\\dist\\struct\\RequestHandler.js:15:34\n    at new Promise (<anonymous>)\n    at SyncedRequestHandler.request (D:\\Code-Tings\\Vade-Eris\\node_modules\\@nedbot\\sharder\\dist\\struct\\RequestHandler.js:14:16)\n    at Bot.bulkEditGuildCommands (D:\\Code-Tings\\Vade-Eris\\node_modules\\eris\\lib\\Client.js:400:36)\n    at Guild.bulkEditCommands (D:\\Code-Tings\\Vade-Eris\\node_modules\\eris\\lib\\structures\\Guild.js:386:51)\n    at ReadyEvent.run (D:\\Code-Tings\\Vade-Eris\\dist\\Events\\Client Events\\Ready.js:57:19)\n    at processTicksAndRejections (node:internal/process/task_queues:96:5)","timestamp":"31/01/2022|20:23:51"}
{"level":"info","message":"Initialising clusters...","meta":[],"source":"Cluster Manager","timestamp":"31/01/2022|20:24:50"}
{"level":"info","message":"Starting 1 clusters with 1 shards","meta":[],"source":"Cluster Manager","timestamp":"31/01/2022|20:24:50"}
{"level":"info","message":"Started cluster 0","meta":[],"source":"Cluster Manager","timestamp":"31/01/2022|20:24:50"}
{"level":"info","message":"Started all clusters, connecting shards...","meta":[],"source":"Cluster Manager","timestamp":"31/01/2022|20:24:50"}
{"level":"info","message":"All shards spread","meta":[],"source":"Cluster Manager","timestamp":"31/01/2022|20:24:50"}
{"level":"info","message":"Connecting with 1 shards","meta":[],"source":"Cluster 0","timestamp":"31/01/2022|20:24:51"}
{"level":"error","message":"Invalid Form Body\n  0.options.4.options.1.choices.0.value: Choice values must be of type \"number\"","meta":[],"source":"Cluster 0","stack":"DiscordRESTError [50035]: Invalid Form Body\n  0.options.4.options.1.choices.0.value: Choice values must be of type \"number\"\n    at RequestHandler.request (D:\\Code-Tings\\Vade-Eris\\node_modules\\eris\\lib\\rest\\RequestHandler.js:75:15)\n    at ClusterManager.<anonymous> (D:\\Code-Tings\\Vade-Eris\\node_modules\\@nedbot\\sharder\\dist\\cluster\\ClusterManager.js:185:71)\n    at Generator.next (<anonymous>)\n    at D:\\Code-Tings\\Vade-Eris\\node_modules\\@nedbot\\sharder\\dist\\cluster\\ClusterManager.js:8:71\n    at new Promise (<anonymous>)\n    at __awaiter (D:\\Code-Tings\\Vade-Eris\\node_modules\\@nedbot\\sharder\\dist\\cluster\\ClusterManager.js:4:12)\n    at EventEmitter.<anonymous> (D:\\Code-Tings\\Vade-Eris\\node_modules\\@nedbot\\sharder\\dist\\cluster\\ClusterManager.js:103:54)\n    at EventEmitter.emit (node:events:520:28)\n    at Worker.<anonymous> (node:internal/cluster/primary:186:13)\n    at Worker.emit (node:events:520:28)\n    at ChildProcess.<anonymous> (node:internal/cluster/worker:33:12)\n    at ChildProcess.emit (node:events:520:28)\n    at emit (node:internal/child_process:936:14)\n    at processTicksAndRejections (node:internal/process/task_queues:84:21)\n    at D:\\Code-Tings\\Vade-Eris\\node_modules\\@nedbot\\sharder\\dist\\struct\\RequestHandler.js:15:34\n    at new Promise (<anonymous>)\n    at SyncedRequestHandler.request (D:\\Code-Tings\\Vade-Eris\\node_modules\\@nedbot\\sharder\\dist\\struct\\RequestHandler.js:14:16)\n    at Bot.bulkEditGuildCommands (D:\\Code-Tings\\Vade-Eris\\node_modules\\eris\\lib\\Client.js:400:36)\n    at Guild.bulkEditCommands (D:\\Code-Tings\\Vade-Eris\\node_modules\\eris\\lib\\structures\\Guild.js:386:51)\n    at ReadyEvent.run (D:\\Code-Tings\\Vade-Eris\\dist\\Events\\Client Events\\Ready.js:57:19)\n    at processTicksAndRejections (node:internal/process/task_queues:96:5)","timestamp":"31/01/2022|20:24:52"}
{"level":"info","message":"Initialising clusters...","meta":[],"source":"Cluster Manager","timestamp":"31/01/2022|20:26:01"}
{"level":"info","message":"Starting 1 clusters with 1 shards","meta":[],"source":"Cluster Manager","timestamp":"31/01/2022|20:26:01"}
{"level":"info","message":"Started cluster 0","meta":[],"source":"Cluster Manager","timestamp":"31/01/2022|20:26:01"}
{"level":"info","message":"Started all clusters, connecting shards...","meta":[],"source":"Cluster Manager","timestamp":"31/01/2022|20:26:01"}
{"level":"info","message":"All shards spread","meta":[],"source":"Cluster Manager","timestamp":"31/01/2022|20:26:01"}
{"level":"info","message":"Connecting with 1 shards","meta":[],"source":"Cluster 0","timestamp":"31/01/2022|20:26:02"}
{"level":"error","message":"Invalid Form Body\n  0.options.4.options.1.choices.0.value: Choice values must be of type \"number\"","meta":[],"source":"Cluster 0","stack":"DiscordRESTError [50035]: Invalid Form Body\n  0.options.4.options.1.choices.0.value: Choice values must be of type \"number\"\n    at RequestHandler.request (D:\\Code-Tings\\Vade-Eris\\node_modules\\eris\\lib\\rest\\RequestHandler.js:75:15)\n    at ClusterManager.<anonymous> (D:\\Code-Tings\\Vade-Eris\\node_modules\\@nedbot\\sharder\\dist\\cluster\\ClusterManager.js:185:71)\n    at Generator.next (<anonymous>)\n    at D:\\Code-Tings\\Vade-Eris\\node_modules\\@nedbot\\sharder\\dist\\cluster\\ClusterManager.js:8:71\n    at new Promise (<anonymous>)\n    at __awaiter (D:\\Code-Tings\\Vade-Eris\\node_modules\\@nedbot\\sharder\\dist\\cluster\\ClusterManager.js:4:12)\n    at EventEmitter.<anonymous> (D:\\Code-Tings\\Vade-Eris\\node_modules\\@nedbot\\sharder\\dist\\cluster\\ClusterManager.js:103:54)\n    at EventEmitter.emit (node:events:520:28)\n    at Worker.<anonymous> (node:internal/cluster/primary:186:13)\n    at Worker.emit (node:events:520:28)\n    at ChildProcess.<anonymous> (node:internal/cluster/worker:33:12)\n    at ChildProcess.emit (node:events:520:28)\n    at emit (node:internal/child_process:936:14)\n    at processTicksAndRejections (node:internal/process/task_queues:84:21)\n    at D:\\Code-Tings\\Vade-Eris\\node_modules\\@nedbot\\sharder\\dist\\struct\\RequestHandler.js:15:34\n    at new Promise (<anonymous>)\n    at SyncedRequestHandler.request (D:\\Code-Tings\\Vade-Eris\\node_modules\\@nedbot\\sharder\\dist\\struct\\RequestHandler.js:14:16)\n    at Bot.bulkEditGuildCommands (D:\\Code-Tings\\Vade-Eris\\node_modules\\eris\\lib\\Client.js:400:36)\n    at Guild.bulkEditCommands (D:\\Code-Tings\\Vade-Eris\\node_modules\\eris\\lib\\structures\\Guild.js:386:51)\n    at ReadyEvent.run (D:\\Code-Tings\\Vade-Eris\\dist\\Events\\Client Events\\Ready.js:57:19)\n    at processTicksAndRejections (node:internal/process/task_queues:96:5)","timestamp":"31/01/2022|20:26:03"}
{"level":"info","message":"Initialising clusters...","meta":[],"source":"Cluster Manager","timestamp":"31/01/2022|20:27:46"}
{"level":"info","message":"Starting 1 clusters with 1 shards","meta":[],"source":"Cluster Manager","timestamp":"31/01/2022|20:27:46"}
{"level":"info","message":"Started cluster 0","meta":[],"source":"Cluster Manager","timestamp":"31/01/2022|20:27:46"}
{"level":"info","message":"Started all clusters, connecting shards...","meta":[],"source":"Cluster Manager","timestamp":"31/01/2022|20:27:46"}
{"level":"info","message":"All shards spread","meta":[],"source":"Cluster Manager","timestamp":"31/01/2022|20:27:46"}
{"level":"info","message":"Connecting with 1 shards","meta":[],"source":"Cluster 0","timestamp":"31/01/2022|20:27:47"}
{"level":"error","message":"Invalid Form Body\n  0.options.4.options.1.choices.0.value: Choice values must be of type \"number\"","meta":[],"source":"Cluster 0","stack":"DiscordRESTError [50035]: Invalid Form Body\n  0.options.4.options.1.choices.0.value: Choice values must be of type \"number\"\n    at RequestHandler.request (D:\\Code-Tings\\Vade-Eris\\node_modules\\eris\\lib\\rest\\RequestHandler.js:75:15)\n    at ClusterManager.<anonymous> (D:\\Code-Tings\\Vade-Eris\\node_modules\\@nedbot\\sharder\\dist\\cluster\\ClusterManager.js:185:71)\n    at Generator.next (<anonymous>)\n    at D:\\Code-Tings\\Vade-Eris\\node_modules\\@nedbot\\sharder\\dist\\cluster\\ClusterManager.js:8:71\n    at new Promise (<anonymous>)\n    at __awaiter (D:\\Code-Tings\\Vade-Eris\\node_modules\\@nedbot\\sharder\\dist\\cluster\\ClusterManager.js:4:12)\n    at EventEmitter.<anonymous> (D:\\Code-Tings\\Vade-Eris\\node_modules\\@nedbot\\sharder\\dist\\cluster\\ClusterManager.js:103:54)\n    at EventEmitter.emit (node:events:520:28)\n    at Worker.<anonymous> (node:internal/cluster/primary:186:13)\n    at Worker.emit (node:events:520:28)\n    at ChildProcess.<anonymous> (node:internal/cluster/worker:33:12)\n    at ChildProcess.emit (node:events:520:28)\n    at emit (node:internal/child_process:936:14)\n    at processTicksAndRejections (node:internal/process/task_queues:84:21)\n    at D:\\Code-Tings\\Vade-Eris\\node_modules\\@nedbot\\sharder\\dist\\struct\\RequestHandler.js:15:34\n    at new Promise (<anonymous>)\n    at SyncedRequestHandler.request (D:\\Code-Tings\\Vade-Eris\\node_modules\\@nedbot\\sharder\\dist\\struct\\RequestHandler.js:14:16)\n    at Bot.bulkEditGuildCommands (D:\\Code-Tings\\Vade-Eris\\node_modules\\eris\\lib\\Client.js:400:36)\n    at Guild.bulkEditCommands (D:\\Code-Tings\\Vade-Eris\\node_modules\\eris\\lib\\structures\\Guild.js:386:51)\n    at ReadyEvent.run (D:\\Code-Tings\\Vade-Eris\\dist\\Events\\Client Events\\Ready.js:57:19)\n    at processTicksAndRejections (node:internal/process/task_queues:96:5)","timestamp":"31/01/2022|20:27:48"}
{"level":"info","message":"Initialising clusters...","meta":[],"source":"Cluster Manager","timestamp":"31/01/2022|20:28:56"}
{"level":"info","message":"Starting 1 clusters with 1 shards","meta":[],"source":"Cluster Manager","timestamp":"31/01/2022|20:28:56"}
{"level":"info","message":"Started cluster 0","meta":[],"source":"Cluster Manager","timestamp":"31/01/2022|20:28:56"}
{"level":"info","message":"Started all clusters, connecting shards...","meta":[],"source":"Cluster Manager","timestamp":"31/01/2022|20:28:56"}
{"level":"info","message":"All shards spread","meta":[],"source":"Cluster Manager","timestamp":"31/01/2022|20:28:56"}
{"level":"info","message":"Connecting with 1 shards","meta":[],"source":"Cluster 0","timestamp":"31/01/2022|20:28:57"}
{"level":"info","message":"Initialising clusters...","meta":[],"source":"Cluster Manager","timestamp":"31/01/2022|20:34:02"}
{"level":"info","message":"Starting 1 clusters with 1 shards","meta":[],"source":"Cluster Manager","timestamp":"31/01/2022|20:34:02"}
{"level":"info","message":"Started cluster 0","meta":[],"source":"Cluster Manager","timestamp":"31/01/2022|20:34:02"}
{"level":"info","message":"Started all clusters, connecting shards...","meta":[],"source":"Cluster Manager","timestamp":"31/01/2022|20:34:02"}
{"level":"info","message":"All shards spread","meta":[],"source":"Cluster Manager","timestamp":"31/01/2022|20:34:02"}
{"level":"info","message":"Connecting with 1 shards","meta":[],"source":"Cluster 0","timestamp":"31/01/2022|20:34:03"}
{"level":"error","message":"Invalid Form Body\n  0.options.4.options.1: Required options must be placed before non-required options","meta":[],"source":"Cluster 0","stack":"DiscordRESTError [50035]: Invalid Form Body\n  0.options.4.options.1: Required options must be placed before non-required options\n    at RequestHandler.request (D:\\Code-Tings\\Vade-Eris\\node_modules\\eris\\lib\\rest\\RequestHandler.js:75:15)\n    at ClusterManager.<anonymous> (D:\\Code-Tings\\Vade-Eris\\node_modules\\@nedbot\\sharder\\dist\\cluster\\ClusterManager.js:185:71)\n    at Generator.next (<anonymous>)\n    at D:\\Code-Tings\\Vade-Eris\\node_modules\\@nedbot\\sharder\\dist\\cluster\\ClusterManager.js:8:71\n    at new Promise (<anonymous>)\n    at __awaiter (D:\\Code-Tings\\Vade-Eris\\node_modules\\@nedbot\\sharder\\dist\\cluster\\ClusterManager.js:4:12)\n    at EventEmitter.<anonymous> (D:\\Code-Tings\\Vade-Eris\\node_modules\\@nedbot\\sharder\\dist\\cluster\\ClusterManager.js:103:54)\n    at EventEmitter.emit (node:events:520:28)\n    at Worker.<anonymous> (node:internal/cluster/primary:186:13)\n    at Worker.emit (node:events:520:28)\n    at ChildProcess.<anonymous> (node:internal/cluster/worker:33:12)\n    at ChildProcess.emit (node:events:520:28)\n    at emit (node:internal/child_process:936:14)\n    at processTicksAndRejections (node:internal/process/task_queues:84:21)\n    at D:\\Code-Tings\\Vade-Eris\\node_modules\\@nedbot\\sharder\\dist\\struct\\RequestHandler.js:15:34\n    at new Promise (<anonymous>)\n    at SyncedRequestHandler.request (D:\\Code-Tings\\Vade-Eris\\node_modules\\@nedbot\\sharder\\dist\\struct\\RequestHandler.js:14:16)\n    at Bot.bulkEditGuildCommands (D:\\Code-Tings\\Vade-Eris\\node_modules\\eris\\lib\\Client.js:400:36)\n    at Guild.bulkEditCommands (D:\\Code-Tings\\Vade-Eris\\node_modules\\eris\\lib\\structures\\Guild.js:386:51)\n    at ReadyEvent.run (D:\\Code-Tings\\Vade-Eris\\dist\\Events\\Client Events\\Ready.js:57:19)\n    at processTicksAndRejections (node:internal/process/task_queues:96:5)","timestamp":"31/01/2022|20:34:04"}
{"level":"info","message":"Initialising clusters...","meta":[],"source":"Cluster Manager","timestamp":"31/01/2022|20:35:07"}
{"level":"info","message":"Starting 1 clusters with 1 shards","meta":[],"source":"Cluster Manager","timestamp":"31/01/2022|20:35:07"}
{"level":"info","message":"Started cluster 0","meta":[],"source":"Cluster Manager","timestamp":"31/01/2022|20:35:07"}
{"level":"info","message":"Started all clusters, connecting shards...","meta":[],"source":"Cluster Manager","timestamp":"31/01/2022|20:35:07"}
{"level":"info","message":"All shards spread","meta":[],"source":"Cluster Manager","timestamp":"31/01/2022|20:35:07"}
{"level":"info","message":"Connecting with 1 shards","meta":[],"source":"Cluster 0","timestamp":"31/01/2022|20:35:08"}
{"level":"error","message":"Cannot read properties of undefined (reading 'status')","meta":[],"source":"Cluster 0","stack":"TypeError: Cannot read properties of undefined (reading 'status')\n    at MessagecreateEvent.run (D:\\Code-Tings\\Vade-Eris\\dist\\Events\\Message Events\\messageCreate.js:139:24)\n    at processTicksAndRejections (node:internal/process/task_queues:96:5)","timestamp":"31/01/2022|20:35:23"}
{"level":"info","message":"Initialising clusters...","meta":[],"source":"Cluster Manager","timestamp":"31/01/2022|20:45:44"}
{"level":"info","message":"Starting 1 clusters with 1 shards","meta":[],"source":"Cluster Manager","timestamp":"31/01/2022|20:45:44"}
{"level":"info","message":"Started cluster 0","meta":[],"source":"Cluster Manager","timestamp":"31/01/2022|20:45:44"}
{"level":"info","message":"Started all clusters, connecting shards...","meta":[],"source":"Cluster Manager","timestamp":"31/01/2022|20:45:44"}
{"level":"info","message":"All shards spread","meta":[],"source":"Cluster Manager","timestamp":"31/01/2022|20:45:44"}
{"level":"info","message":"Connecting with 1 shards","meta":[],"source":"Cluster 0","timestamp":"31/01/2022|20:45:45"}
{"level":"info","message":"Initialising clusters...","meta":[],"source":"Cluster Manager","timestamp":"31/01/2022|20:49:38"}
{"level":"info","message":"Starting 1 clusters with 1 shards","meta":[],"source":"Cluster Manager","timestamp":"31/01/2022|20:49:38"}
{"level":"info","message":"Started cluster 0","meta":[],"source":"Cluster Manager","timestamp":"31/01/2022|20:49:38"}
{"level":"info","message":"Started all clusters, connecting shards...","meta":[],"source":"Cluster Manager","timestamp":"31/01/2022|20:49:38"}
{"level":"info","message":"All shards spread","meta":[],"source":"Cluster Manager","timestamp":"31/01/2022|20:49:38"}
{"level":"info","message":"Connecting with 1 shards","meta":[],"source":"Cluster 0","timestamp":"31/01/2022|20:49:39"}
{"level":"info","message":"Initialising clusters...","meta":[],"source":"Cluster Manager","timestamp":"31/01/2022|20:54:02"}
{"level":"info","message":"Starting 1 clusters with 1 shards","meta":[],"source":"Cluster Manager","timestamp":"31/01/2022|20:54:02"}
{"level":"info","message":"Started cluster 0","meta":[],"source":"Cluster Manager","timestamp":"31/01/2022|20:54:02"}
{"level":"info","message":"Started all clusters, connecting shards...","meta":[],"source":"Cluster Manager","timestamp":"31/01/2022|20:54:02"}
{"level":"info","message":"All shards spread","meta":[],"source":"Cluster Manager","timestamp":"31/01/2022|20:54:02"}
{"level":"info","message":"Connecting with 1 shards","meta":[],"source":"Cluster 0","timestamp":"31/01/2022|20:54:03"}
{"level":"info","message":"Initialising clusters...","meta":[],"source":"Cluster Manager","timestamp":"31/01/2022|20:59:11"}
{"level":"info","message":"Starting 1 clusters with 1 shards","meta":[],"source":"Cluster Manager","timestamp":"31/01/2022|20:59:11"}
{"level":"info","message":"Started cluster 0","meta":[],"source":"Cluster Manager","timestamp":"31/01/2022|20:59:11"}
{"level":"info","message":"Started all clusters, connecting shards...","meta":[],"source":"Cluster Manager","timestamp":"31/01/2022|20:59:11"}
{"level":"info","message":"All shards spread","meta":[],"source":"Cluster Manager","timestamp":"31/01/2022|20:59:11"}
{"level":"info","message":"Connecting with 1 shards","meta":[],"source":"Cluster 0","timestamp":"31/01/2022|20:59:12"}
{"level":"info","message":"Initialising clusters...","meta":[],"source":"Cluster Manager","timestamp":"31/01/2022|21:01:22"}
{"level":"info","message":"Starting 1 clusters with 1 shards","meta":[],"source":"Cluster Manager","timestamp":"31/01/2022|21:01:23"}
{"level":"info","message":"Started cluster 0","meta":[],"source":"Cluster Manager","timestamp":"31/01/2022|21:01:23"}
{"level":"info","message":"Started all clusters, connecting shards...","meta":[],"source":"Cluster Manager","timestamp":"31/01/2022|21:01:23"}
{"level":"info","message":"All shards spread","meta":[],"source":"Cluster Manager","timestamp":"31/01/2022|21:01:23"}
{"level":"info","message":"Connecting with 1 shards","meta":[],"source":"Cluster 0","timestamp":"31/01/2022|21:01:24"}
{"level":"info","message":"Initialising clusters...","meta":[],"source":"Cluster Manager","timestamp":"31/01/2022|21:02:40"}
{"level":"info","message":"Starting 1 clusters with 1 shards","meta":[],"source":"Cluster Manager","timestamp":"31/01/2022|21:02:40"}
{"level":"info","message":"Started cluster 0","meta":[],"source":"Cluster Manager","timestamp":"31/01/2022|21:02:40"}
{"level":"info","message":"Started all clusters, connecting shards...","meta":[],"source":"Cluster Manager","timestamp":"31/01/2022|21:02:40"}
{"level":"info","message":"All shards spread","meta":[],"source":"Cluster Manager","timestamp":"31/01/2022|21:02:40"}
{"level":"info","message":"Connecting with 1 shards","meta":[],"source":"Cluster 0","timestamp":"31/01/2022|21:02:41"}
{"level":"info","message":"Initialising clusters...","meta":[],"source":"Cluster Manager","timestamp":"31/01/2022|21:07:42"}
{"level":"info","message":"Starting 1 clusters with 1 shards","meta":[],"source":"Cluster Manager","timestamp":"31/01/2022|21:07:42"}
{"level":"info","message":"Started cluster 0","meta":[],"source":"Cluster Manager","timestamp":"31/01/2022|21:07:42"}
{"level":"info","message":"Started all clusters, connecting shards...","meta":[],"source":"Cluster Manager","timestamp":"31/01/2022|21:07:42"}
{"level":"info","message":"All shards spread","meta":[],"source":"Cluster Manager","timestamp":"31/01/2022|21:07:42"}
{"level":"info","message":"Connecting with 1 shards","meta":[],"source":"Cluster 0","timestamp":"31/01/2022|21:07:43"}
{"level":"info","message":"Initialising clusters...","meta":[],"source":"Cluster Manager","timestamp":"31/01/2022|21:10:19"}
{"level":"info","message":"Starting 1 clusters with 1 shards","meta":[],"source":"Cluster Manager","timestamp":"31/01/2022|21:10:19"}
{"level":"info","message":"Started cluster 0","meta":[],"source":"Cluster Manager","timestamp":"31/01/2022|21:10:19"}
{"level":"info","message":"Started all clusters, connecting shards...","meta":[],"source":"Cluster Manager","timestamp":"31/01/2022|21:10:19"}
{"level":"info","message":"All shards spread","meta":[],"source":"Cluster Manager","timestamp":"31/01/2022|21:10:19"}
{"level":"info","message":"Connecting with 1 shards","meta":[],"source":"Cluster 0","timestamp":"31/01/2022|21:10:20"}
{"level":"info","message":"Initialising clusters...","meta":[],"source":"Cluster Manager","timestamp":"31/01/2022|21:12:45"}
{"level":"info","message":"Starting 1 clusters with 1 shards","meta":[],"source":"Cluster Manager","timestamp":"31/01/2022|21:12:45"}
{"level":"info","message":"Started cluster 0","meta":[],"source":"Cluster Manager","timestamp":"31/01/2022|21:12:45"}
{"level":"info","message":"Started all clusters, connecting shards...","meta":[],"source":"Cluster Manager","timestamp":"31/01/2022|21:12:45"}
{"level":"info","message":"All shards spread","meta":[],"source":"Cluster Manager","timestamp":"31/01/2022|21:12:45"}
{"level":"info","message":"Connecting with 1 shards","meta":[],"source":"Cluster 0","timestamp":"31/01/2022|21:12:46"}
{"level":"info","message":"Initialising clusters...","meta":[],"source":"Cluster Manager","timestamp":"31/01/2022|21:21:47"}
{"level":"info","message":"Starting 1 clusters with 1 shards","meta":[],"source":"Cluster Manager","timestamp":"31/01/2022|21:21:48"}
{"level":"info","message":"Started cluster 0","meta":[],"source":"Cluster Manager","timestamp":"31/01/2022|21:21:48"}
{"level":"info","message":"Started all clusters, connecting shards...","meta":[],"source":"Cluster Manager","timestamp":"31/01/2022|21:21:48"}
{"level":"info","message":"All shards spread","meta":[],"source":"Cluster Manager","timestamp":"31/01/2022|21:21:48"}
{"level":"info","message":"Connecting with 1 shards","meta":[],"source":"Cluster 0","timestamp":"31/01/2022|21:21:49"}
{"level":"info","message":"Initialising clusters...","meta":[],"source":"Cluster Manager","timestamp":"31/01/2022|21:32:21"}
{"level":"info","message":"Starting 1 clusters with 1 shards","meta":[],"source":"Cluster Manager","timestamp":"31/01/2022|21:32:21"}
{"level":"info","message":"Started cluster 0","meta":[],"source":"Cluster Manager","timestamp":"31/01/2022|21:32:21"}
{"level":"info","message":"Started all clusters, connecting shards...","meta":[],"source":"Cluster Manager","timestamp":"31/01/2022|21:32:21"}
{"level":"info","message":"All shards spread","meta":[],"source":"Cluster Manager","timestamp":"31/01/2022|21:32:21"}
{"level":"info","message":"Connecting with 1 shards","meta":[],"source":"Cluster 0","timestamp":"31/01/2022|21:32:22"}
{"level":"info","message":"Initialising clusters...","meta":[],"source":"Cluster Manager","timestamp":"01/02/2022|16:01:43"}
{"level":"info","message":"Starting 1 clusters with 1 shards","meta":[],"source":"Cluster Manager","timestamp":"01/02/2022|16:01:43"}
{"level":"info","message":"Started cluster 0","meta":[],"source":"Cluster Manager","timestamp":"01/02/2022|16:01:43"}
{"level":"info","message":"Started all clusters, connecting shards...","meta":[],"source":"Cluster Manager","timestamp":"01/02/2022|16:01:43"}
{"level":"info","message":"All shards spread","meta":[],"source":"Cluster Manager","timestamp":"01/02/2022|16:01:43"}
{"level":"info","message":"Connecting with 1 shards","meta":[],"source":"Cluster 0","timestamp":"01/02/2022|16:01:44"}
{"level":"info","message":"Initialising clusters...","meta":[],"source":"Cluster Manager","timestamp":"01/02/2022|16:18:03"}
{"level":"info","message":"Starting 1 clusters with 1 shards","meta":[],"source":"Cluster Manager","timestamp":"01/02/2022|16:18:03"}
{"level":"info","message":"Started cluster 0","meta":[],"source":"Cluster Manager","timestamp":"01/02/2022|16:18:03"}
{"level":"info","message":"Started all clusters, connecting shards...","meta":[],"source":"Cluster Manager","timestamp":"01/02/2022|16:18:03"}
{"level":"info","message":"All shards spread","meta":[],"source":"Cluster Manager","timestamp":"01/02/2022|16:18:03"}
{"level":"info","message":"Connecting with 1 shards","meta":[],"source":"Cluster 0","timestamp":"01/02/2022|16:18:04"}
{"level":"info","message":"Initialising clusters...","meta":[],"source":"Cluster Manager","timestamp":"01/02/2022|16:19:38"}
{"level":"info","message":"Starting 1 clusters with 1 shards","meta":[],"source":"Cluster Manager","timestamp":"01/02/2022|16:19:38"}
{"level":"info","message":"Started cluster 0","meta":[],"source":"Cluster Manager","timestamp":"01/02/2022|16:19:38"}
{"level":"info","message":"Started all clusters, connecting shards...","meta":[],"source":"Cluster Manager","timestamp":"01/02/2022|16:19:38"}
{"level":"info","message":"All shards spread","meta":[],"source":"Cluster Manager","timestamp":"01/02/2022|16:19:38"}
{"level":"info","message":"Connecting with 1 shards","meta":[],"source":"Cluster 0","timestamp":"01/02/2022|16:19:39"}
{"level":"info","message":"Initialising clusters...","meta":[],"source":"Cluster Manager","timestamp":"01/02/2022|16:22:27"}
{"level":"info","message":"Starting 1 clusters with 1 shards","meta":[],"source":"Cluster Manager","timestamp":"01/02/2022|16:22:27"}
{"level":"info","message":"Started cluster 0","meta":[],"source":"Cluster Manager","timestamp":"01/02/2022|16:22:27"}
{"level":"info","message":"Started all clusters, connecting shards...","meta":[],"source":"Cluster Manager","timestamp":"01/02/2022|16:22:27"}
{"level":"info","message":"All shards spread","meta":[],"source":"Cluster Manager","timestamp":"01/02/2022|16:22:27"}
{"level":"info","message":"Connecting with 1 shards","meta":[],"source":"Cluster 0","timestamp":"01/02/2022|16:22:28"}
{"level":"info","message":"Initialising clusters...","meta":[],"source":"Cluster Manager","timestamp":"01/02/2022|16:25:36"}
{"level":"info","message":"Starting 1 clusters with 1 shards","meta":[],"source":"Cluster Manager","timestamp":"01/02/2022|16:25:36"}
{"level":"info","message":"Started cluster 0","meta":[],"source":"Cluster Manager","timestamp":"01/02/2022|16:25:36"}
{"level":"info","message":"Started all clusters, connecting shards...","meta":[],"source":"Cluster Manager","timestamp":"01/02/2022|16:25:36"}
{"level":"info","message":"All shards spread","meta":[],"source":"Cluster Manager","timestamp":"01/02/2022|16:25:36"}
{"level":"info","message":"Connecting with 1 shards","meta":[],"source":"Cluster 0","timestamp":"01/02/2022|16:25:37"}
{"level":"info","message":"Initialising clusters...","meta":[],"source":"Cluster Manager","timestamp":"01/02/2022|16:26:49"}
{"level":"info","message":"Starting 1 clusters with 1 shards","meta":[],"source":"Cluster Manager","timestamp":"01/02/2022|16:26:49"}
{"level":"info","message":"Started cluster 0","meta":[],"source":"Cluster Manager","timestamp":"01/02/2022|16:26:49"}
{"level":"info","message":"Started all clusters, connecting shards...","meta":[],"source":"Cluster Manager","timestamp":"01/02/2022|16:26:49"}
{"level":"info","message":"All shards spread","meta":[],"source":"Cluster Manager","timestamp":"01/02/2022|16:26:49"}
{"level":"info","message":"Connecting with 1 shards","meta":[],"source":"Cluster 0","timestamp":"01/02/2022|16:26:50"}
{"level":"info","message":"Initialising clusters...","meta":[],"source":"Cluster Manager","timestamp":"01/02/2022|16:27:20"}
{"level":"info","message":"Starting 1 clusters with 1 shards","meta":[],"source":"Cluster Manager","timestamp":"01/02/2022|16:27:21"}
{"level":"info","message":"Started cluster 0","meta":[],"source":"Cluster Manager","timestamp":"01/02/2022|16:27:21"}
{"level":"info","message":"Started all clusters, connecting shards...","meta":[],"source":"Cluster Manager","timestamp":"01/02/2022|16:27:21"}
{"level":"info","message":"All shards spread","meta":[],"source":"Cluster Manager","timestamp":"01/02/2022|16:27:21"}
{"level":"info","message":"Connecting with 1 shards","meta":[],"source":"Cluster 0","timestamp":"01/02/2022|16:27:21"}
{"level":"error","message":"Cannot read properties of null (reading 'length')","meta":[],"source":"Cluster 0","stack":"TypeError: Cannot read properties of null (reading 'length')\n    at AntiEmoteSpam (D:\\Code-Tings\\Vade-Eris\\dist\\Classes\\AntiEmoteSpam.js:6:45)\n    at processTicksAndRejections (node:internal/process/task_queues:96:5)\n    at async MessagecreateEvent.run (D:\\Code-Tings\\Vade-Eris\\dist\\Events\\Message Events\\messageCreate.js:148:28)","timestamp":"01/02/2022|16:27:27"}
{"level":"error","message":"Cannot read properties of null (reading 'length')","meta":[],"source":"Cluster 0","stack":"TypeError: Cannot read properties of null (reading 'length')\n    at AntiEmoteSpam (D:\\Code-Tings\\Vade-Eris\\dist\\Classes\\AntiEmoteSpam.js:6:45)\n    at processTicksAndRejections (node:internal/process/task_queues:96:5)\n    at async MessagecreateEvent.run (D:\\Code-Tings\\Vade-Eris\\dist\\Events\\Message Events\\messageCreate.js:148:28)","timestamp":"01/02/2022|16:27:31"}
{"level":"error","message":"Cannot read properties of null (reading 'length')","meta":[],"source":"Cluster 0","stack":"TypeError: Cannot read properties of null (reading 'length')\n    at AntiEmoteSpam (D:\\Code-Tings\\Vade-Eris\\dist\\Classes\\AntiEmoteSpam.js:6:45)\n    at processTicksAndRejections (node:internal/process/task_queues:96:5)\n    at async MessagecreateEvent.run (D:\\Code-Tings\\Vade-Eris\\dist\\Events\\Message Events\\messageCreate.js:148:28)","timestamp":"01/02/2022|16:28:41"}
{"level":"error","message":"Cannot read properties of null (reading 'length')","meta":[],"source":"Cluster 0","stack":"TypeError: Cannot read properties of null (reading 'length')\n    at AntiEmoteSpam (D:\\Code-Tings\\Vade-Eris\\dist\\Classes\\AntiEmoteSpam.js:6:45)\n    at processTicksAndRejections (node:internal/process/task_queues:96:5)\n    at async MessagecreateEvent.run (D:\\Code-Tings\\Vade-Eris\\dist\\Events\\Message Events\\messageCreate.js:148:28)","timestamp":"01/02/2022|16:29:20"}
{"level":"info","message":"Initialising clusters...","meta":[],"source":"Cluster Manager","timestamp":"01/02/2022|16:30:53"}
{"level":"info","message":"Starting 1 clusters with 1 shards","meta":[],"source":"Cluster Manager","timestamp":"01/02/2022|16:30:53"}
{"level":"info","message":"Started cluster 0","meta":[],"source":"Cluster Manager","timestamp":"01/02/2022|16:30:53"}
{"level":"info","message":"Started all clusters, connecting shards...","meta":[],"source":"Cluster Manager","timestamp":"01/02/2022|16:30:53"}
{"level":"info","message":"All shards spread","meta":[],"source":"Cluster Manager","timestamp":"01/02/2022|16:30:53"}
{"level":"info","message":"Connecting with 1 shards","meta":[],"source":"Cluster 0","timestamp":"01/02/2022|16:30:54"}
{"level":"info","message":"Initialising clusters...","meta":[],"source":"Cluster Manager","timestamp":"01/02/2022|16:32:46"}
{"level":"info","message":"Starting 1 clusters with 1 shards","meta":[],"source":"Cluster Manager","timestamp":"01/02/2022|16:32:47"}
{"level":"info","message":"Started cluster 0","meta":[],"source":"Cluster Manager","timestamp":"01/02/2022|16:32:47"}
{"level":"info","message":"Started all clusters, connecting shards...","meta":[],"source":"Cluster Manager","timestamp":"01/02/2022|16:32:47"}
{"level":"info","message":"All shards spread","meta":[],"source":"Cluster Manager","timestamp":"01/02/2022|16:32:47"}
{"level":"info","message":"Connecting with 1 shards","meta":[],"source":"Cluster 0","timestamp":"01/02/2022|16:32:47"}
{"level":"info","message":"Initialising clusters...","meta":[],"source":"Cluster Manager","timestamp":"01/02/2022|16:34:04"}
{"level":"info","message":"Starting 1 clusters with 1 shards","meta":[],"source":"Cluster Manager","timestamp":"01/02/2022|16:34:04"}
{"level":"info","message":"Started cluster 0","meta":[],"source":"Cluster Manager","timestamp":"01/02/2022|16:34:04"}
{"level":"info","message":"Started all clusters, connecting shards...","meta":[],"source":"Cluster Manager","timestamp":"01/02/2022|16:34:04"}
{"level":"info","message":"All shards spread","meta":[],"source":"Cluster Manager","timestamp":"01/02/2022|16:34:04"}
{"level":"info","message":"Connecting with 1 shards","meta":[],"source":"Cluster 0","timestamp":"01/02/2022|16:34:05"}
{"level":"info","message":"Initialising clusters...","meta":[],"source":"Cluster Manager","timestamp":"01/02/2022|16:37:55"}
{"level":"info","message":"Starting 1 clusters with 1 shards","meta":[],"source":"Cluster Manager","timestamp":"01/02/2022|16:37:56"}
{"level":"info","message":"Started cluster 0","meta":[],"source":"Cluster Manager","timestamp":"01/02/2022|16:37:56"}
{"level":"info","message":"Started all clusters, connecting shards...","meta":[],"source":"Cluster Manager","timestamp":"01/02/2022|16:37:56"}
{"level":"info","message":"All shards spread","meta":[],"source":"Cluster Manager","timestamp":"01/02/2022|16:37:56"}
{"level":"info","message":"Connecting with 1 shards","meta":[],"source":"Cluster 0","timestamp":"01/02/2022|16:37:57"}
{"level":"info","message":"Initialising clusters...","meta":[],"source":"Cluster Manager","timestamp":"01/02/2022|16:39:46"}
{"level":"info","message":"Starting 1 clusters with 1 shards","meta":[],"source":"Cluster Manager","timestamp":"01/02/2022|16:39:46"}
{"level":"info","message":"Started cluster 0","meta":[],"source":"Cluster Manager","timestamp":"01/02/2022|16:39:46"}
{"level":"info","message":"Started all clusters, connecting shards...","meta":[],"source":"Cluster Manager","timestamp":"01/02/2022|16:39:46"}
{"level":"info","message":"All shards spread","meta":[],"source":"Cluster Manager","timestamp":"01/02/2022|16:39:46"}
{"level":"info","message":"Connecting with 1 shards","meta":[],"source":"Cluster 0","timestamp":"01/02/2022|16:39:47"}
{"level":"info","message":"Initialising clusters...","meta":[],"source":"Cluster Manager","timestamp":"01/02/2022|16:41:18"}
{"level":"info","message":"Starting 1 clusters with 1 shards","meta":[],"source":"Cluster Manager","timestamp":"01/02/2022|16:41:19"}
{"level":"info","message":"Started cluster 0","meta":[],"source":"Cluster Manager","timestamp":"01/02/2022|16:41:19"}
{"level":"info","message":"Started all clusters, connecting shards...","meta":[],"source":"Cluster Manager","timestamp":"01/02/2022|16:41:19"}
{"level":"info","message":"All shards spread","meta":[],"source":"Cluster Manager","timestamp":"01/02/2022|16:41:19"}
{"level":"info","message":"Connecting with 1 shards","meta":[],"source":"Cluster 0","timestamp":"01/02/2022|16:41:20"}
{"level":"info","message":"Initialising clusters...","meta":[],"source":"Cluster Manager","timestamp":"01/02/2022|16:42:00"}
{"level":"info","message":"Starting 1 clusters with 1 shards","meta":[],"source":"Cluster Manager","timestamp":"01/02/2022|16:42:00"}
{"level":"info","message":"Started cluster 0","meta":[],"source":"Cluster Manager","timestamp":"01/02/2022|16:42:00"}
{"level":"info","message":"Started all clusters, connecting shards...","meta":[],"source":"Cluster Manager","timestamp":"01/02/2022|16:42:00"}
{"level":"info","message":"All shards spread","meta":[],"source":"Cluster Manager","timestamp":"01/02/2022|16:42:00"}
{"level":"info","message":"Connecting with 1 shards","meta":[],"source":"Cluster 0","timestamp":"01/02/2022|16:42:01"}
{"level":"info","message":"Initialising clusters...","meta":[],"source":"Cluster Manager","timestamp":"01/02/2022|17:56:03"}
{"level":"info","message":"Starting 1 clusters with 1 shards","meta":[],"source":"Cluster Manager","timestamp":"01/02/2022|17:56:03"}
{"level":"info","message":"Started cluster 0","meta":[],"source":"Cluster Manager","timestamp":"01/02/2022|17:56:03"}
{"level":"info","message":"Started all clusters, connecting shards...","meta":[],"source":"Cluster Manager","timestamp":"01/02/2022|17:56:03"}
{"level":"info","message":"All shards spread","meta":[],"source":"Cluster Manager","timestamp":"01/02/2022|17:56:03"}
{"level":"info","message":"Connecting with 1 shards","meta":[],"source":"Cluster 0","timestamp":"01/02/2022|17:56:04"}
{"level":"info","message":"Initialising clusters...","meta":[],"source":"Cluster Manager","timestamp":"01/02/2022|17:56:48"}
{"level":"info","message":"Starting 1 clusters with 1 shards","meta":[],"source":"Cluster Manager","timestamp":"01/02/2022|17:56:48"}
{"level":"info","message":"Started cluster 0","meta":[],"source":"Cluster Manager","timestamp":"01/02/2022|17:56:48"}
{"level":"info","message":"Started all clusters, connecting shards...","meta":[],"source":"Cluster Manager","timestamp":"01/02/2022|17:56:48"}
{"level":"info","message":"All shards spread","meta":[],"source":"Cluster Manager","timestamp":"01/02/2022|17:56:48"}
{"level":"info","message":"Connecting with 1 shards","meta":[],"source":"Cluster 0","timestamp":"01/02/2022|17:56:49"}
{"level":"info","message":"Initialising clusters...","meta":[],"source":"Cluster Manager","timestamp":"01/02/2022|17:57:23"}
{"level":"info","message":"Starting 1 clusters with 1 shards","meta":[],"source":"Cluster Manager","timestamp":"01/02/2022|17:57:23"}
{"level":"info","message":"Started cluster 0","meta":[],"source":"Cluster Manager","timestamp":"01/02/2022|17:57:23"}
{"level":"info","message":"Started all clusters, connecting shards...","meta":[],"source":"Cluster Manager","timestamp":"01/02/2022|17:57:23"}
{"level":"info","message":"All shards spread","meta":[],"source":"Cluster Manager","timestamp":"01/02/2022|17:57:23"}
{"level":"info","message":"Connecting with 1 shards","meta":[],"source":"Cluster 0","timestamp":"01/02/2022|17:57:24"}
{"level":"info","message":"Initialising clusters...","meta":[],"source":"Cluster Manager","timestamp":"01/02/2022|17:58:27"}
{"level":"info","message":"Starting 1 clusters with 1 shards","meta":[],"source":"Cluster Manager","timestamp":"01/02/2022|17:58:27"}
{"level":"info","message":"Started cluster 0","meta":[],"source":"Cluster Manager","timestamp":"01/02/2022|17:58:27"}
{"level":"info","message":"Started all clusters, connecting shards...","meta":[],"source":"Cluster Manager","timestamp":"01/02/2022|17:58:27"}
{"level":"info","message":"All shards spread","meta":[],"source":"Cluster Manager","timestamp":"01/02/2022|17:58:27"}
{"level":"info","message":"Connecting with 1 shards","meta":[],"source":"Cluster 0","timestamp":"01/02/2022|17:58:28"}
{"level":"info","message":"Initialising clusters...","meta":[],"source":"Cluster Manager","timestamp":"01/02/2022|18:13:52"}
{"level":"info","message":"Starting 1 clusters with 1 shards","meta":[],"source":"Cluster Manager","timestamp":"01/02/2022|18:13:53"}
{"level":"info","message":"Started cluster 0","meta":[],"source":"Cluster Manager","timestamp":"01/02/2022|18:13:53"}
{"level":"info","message":"Started all clusters, connecting shards...","meta":[],"source":"Cluster Manager","timestamp":"01/02/2022|18:13:53"}
{"level":"info","message":"All shards spread","meta":[],"source":"Cluster Manager","timestamp":"01/02/2022|18:13:53"}
{"level":"info","message":"Connecting with 1 shards","meta":[],"source":"Cluster 0","timestamp":"01/02/2022|18:13:54"}
{"level":"info","message":"Initialising clusters...","meta":[],"source":"Cluster Manager","timestamp":"01/02/2022|18:15:24"}
{"level":"info","message":"Starting 1 clusters with 1 shards","meta":[],"source":"Cluster Manager","timestamp":"01/02/2022|18:15:24"}
{"level":"info","message":"Started cluster 0","meta":[],"source":"Cluster Manager","timestamp":"01/02/2022|18:15:24"}
{"level":"info","message":"Started all clusters, connecting shards...","meta":[],"source":"Cluster Manager","timestamp":"01/02/2022|18:15:24"}
{"level":"info","message":"All shards spread","meta":[],"source":"Cluster Manager","timestamp":"01/02/2022|18:15:24"}
{"level":"info","message":"Connecting with 1 shards","meta":[],"source":"Cluster 0","timestamp":"01/02/2022|18:15:25"}
{"level":"info","message":"Initialising clusters...","meta":[],"source":"Cluster Manager","timestamp":"02/02/2022|17:02:41"}
{"level":"info","message":"Starting 1 clusters with 1 shards","meta":[],"source":"Cluster Manager","timestamp":"02/02/2022|17:02:41"}
{"level":"info","message":"Started cluster 0","meta":[],"source":"Cluster Manager","timestamp":"02/02/2022|17:02:41"}
{"level":"info","message":"Started all clusters, connecting shards...","meta":[],"source":"Cluster Manager","timestamp":"02/02/2022|17:02:41"}
{"level":"info","message":"All shards spread","meta":[],"source":"Cluster Manager","timestamp":"02/02/2022|17:02:41"}
{"level":"info","message":"Connecting with 1 shards","meta":[],"source":"Cluster 0","timestamp":"02/02/2022|17:02:42"}
{"level":"info","message":"Initialising clusters...","meta":[],"source":"Cluster Manager","timestamp":"02/02/2022|21:33:02"}
{"level":"info","message":"Starting 1 clusters with 1 shards","meta":[],"source":"Cluster Manager","timestamp":"02/02/2022|21:33:03"}
{"level":"info","message":"Started cluster 0","meta":[],"source":"Cluster Manager","timestamp":"02/02/2022|21:33:03"}
{"level":"info","message":"Started all clusters, connecting shards...","meta":[],"source":"Cluster Manager","timestamp":"02/02/2022|21:33:03"}
{"level":"info","message":"All shards spread","meta":[],"source":"Cluster Manager","timestamp":"02/02/2022|21:33:03"}
{"level":"info","message":"Connecting with 1 shards","meta":[],"source":"Cluster 0","timestamp":"02/02/2022|21:33:04"}
{"level":"error","message":"Invalid Form Body\n  0.options.6.options.2: Required options must be placed before non-required options","meta":[],"source":"Cluster 0","stack":"DiscordRESTError [50035]: Invalid Form Body\n  0.options.6.options.2: Required options must be placed before non-required options\n    at RequestHandler.request (D:\\Code-Tings\\Vade-Eris\\node_modules\\eris\\lib\\rest\\RequestHandler.js:75:15)\n    at ClusterManager.<anonymous> (D:\\Code-Tings\\Vade-Eris\\node_modules\\@nedbot\\sharder\\dist\\cluster\\ClusterManager.js:185:71)\n    at Generator.next (<anonymous>)\n    at D:\\Code-Tings\\Vade-Eris\\node_modules\\@nedbot\\sharder\\dist\\cluster\\ClusterManager.js:8:71\n    at new Promise (<anonymous>)\n    at __awaiter (D:\\Code-Tings\\Vade-Eris\\node_modules\\@nedbot\\sharder\\dist\\cluster\\ClusterManager.js:4:12)\n    at EventEmitter.<anonymous> (D:\\Code-Tings\\Vade-Eris\\node_modules\\@nedbot\\sharder\\dist\\cluster\\ClusterManager.js:103:54)\n    at EventEmitter.emit (node:events:520:28)\n    at Worker.<anonymous> (node:internal/cluster/primary:186:13)\n    at Worker.emit (node:events:520:28)\n    at ChildProcess.<anonymous> (node:internal/cluster/worker:33:12)\n    at ChildProcess.emit (node:events:520:28)\n    at emit (node:internal/child_process:936:14)\n    at processTicksAndRejections (node:internal/process/task_queues:84:21)\n    at D:\\Code-Tings\\Vade-Eris\\node_modules\\@nedbot\\sharder\\dist\\struct\\RequestHandler.js:15:34\n    at new Promise (<anonymous>)\n    at SyncedRequestHandler.request (D:\\Code-Tings\\Vade-Eris\\node_modules\\@nedbot\\sharder\\dist\\struct\\RequestHandler.js:14:16)\n    at Bot.bulkEditGuildCommands (D:\\Code-Tings\\Vade-Eris\\node_modules\\eris\\lib\\Client.js:400:36)\n    at Guild.bulkEditCommands (D:\\Code-Tings\\Vade-Eris\\node_modules\\eris\\lib\\structures\\Guild.js:386:51)\n    at ReadyEvent.run (D:\\Code-Tings\\Vade-Eris\\dist\\Events\\Client Events\\Ready.js:57:19)\n    at processTicksAndRejections (node:internal/process/task_queues:96:5)","timestamp":"02/02/2022|21:33:05"}
{"level":"info","message":"Initialising clusters...","meta":[],"source":"Cluster Manager","timestamp":"02/02/2022|21:35:15"}
{"level":"info","message":"Starting 1 clusters with 1 shards","meta":[],"source":"Cluster Manager","timestamp":"02/02/2022|21:35:15"}
{"level":"info","message":"Started cluster 0","meta":[],"source":"Cluster Manager","timestamp":"02/02/2022|21:35:15"}
{"level":"info","message":"Started all clusters, connecting shards...","meta":[],"source":"Cluster Manager","timestamp":"02/02/2022|21:35:15"}
{"level":"info","message":"All shards spread","meta":[],"source":"Cluster Manager","timestamp":"02/02/2022|21:35:15"}
{"level":"info","message":"Connecting with 1 shards","meta":[],"source":"Cluster 0","timestamp":"02/02/2022|21:35:16"}
{"level":"info","message":"Initialising clusters...","meta":[],"source":"Cluster Manager","timestamp":"02/02/2022|21:37:53"}
{"level":"info","message":"Starting 1 clusters with 1 shards","meta":[],"source":"Cluster Manager","timestamp":"02/02/2022|21:37:53"}
{"level":"info","message":"Started cluster 0","meta":[],"source":"Cluster Manager","timestamp":"02/02/2022|21:37:53"}
{"level":"info","message":"Started all clusters, connecting shards...","meta":[],"source":"Cluster Manager","timestamp":"02/02/2022|21:37:53"}
{"level":"info","message":"All shards spread","meta":[],"source":"Cluster Manager","timestamp":"02/02/2022|21:37:53"}
{"level":"info","message":"Connecting with 1 shards","meta":[],"source":"Cluster 0","timestamp":"02/02/2022|21:37:54"}
{"level":"info","message":"Initialising clusters...","meta":[],"source":"Cluster Manager","timestamp":"02/02/2022|21:39:08"}
{"level":"info","message":"Starting 1 clusters with 1 shards","meta":[],"source":"Cluster Manager","timestamp":"02/02/2022|21:39:08"}
{"level":"info","message":"Started cluster 0","meta":[],"source":"Cluster Manager","timestamp":"02/02/2022|21:39:08"}
{"level":"info","message":"Started all clusters, connecting shards...","meta":[],"source":"Cluster Manager","timestamp":"02/02/2022|21:39:08"}
{"level":"info","message":"All shards spread","meta":[],"source":"Cluster Manager","timestamp":"02/02/2022|21:39:08"}
{"level":"info","message":"Connecting with 1 shards","meta":[],"source":"Cluster 0","timestamp":"02/02/2022|21:39:09"}
{"level":"info","message":"Initialising clusters...","meta":[],"source":"Cluster Manager","timestamp":"02/02/2022|21:39:45"}
{"level":"info","message":"Starting 1 clusters with 1 shards","meta":[],"source":"Cluster Manager","timestamp":"02/02/2022|21:39:45"}
{"level":"info","message":"Started cluster 0","meta":[],"source":"Cluster Manager","timestamp":"02/02/2022|21:39:45"}
{"level":"info","message":"Started all clusters, connecting shards...","meta":[],"source":"Cluster Manager","timestamp":"02/02/2022|21:39:45"}
{"level":"info","message":"All shards spread","meta":[],"source":"Cluster Manager","timestamp":"02/02/2022|21:39:45"}
{"level":"info","message":"Connecting with 1 shards","meta":[],"source":"Cluster 0","timestamp":"02/02/2022|21:39:46"}
{"level":"info","message":"Initialising clusters...","meta":[],"source":"Cluster Manager","timestamp":"02/02/2022|21:42:09"}
{"level":"info","message":"Starting 1 clusters with 1 shards","meta":[],"source":"Cluster Manager","timestamp":"02/02/2022|21:42:10"}
{"level":"info","message":"Started cluster 0","meta":[],"source":"Cluster Manager","timestamp":"02/02/2022|21:42:10"}
{"level":"info","message":"Started all clusters, connecting shards...","meta":[],"source":"Cluster Manager","timestamp":"02/02/2022|21:42:10"}
{"level":"info","message":"All shards spread","meta":[],"source":"Cluster Manager","timestamp":"02/02/2022|21:42:10"}
{"level":"info","message":"Connecting with 1 shards","meta":[],"source":"Cluster 0","timestamp":"02/02/2022|21:42:11"}
{"level":"info","message":"Initialising clusters...","meta":[],"source":"Cluster Manager","timestamp":"02/02/2022|21:44:01"}
{"level":"info","message":"Starting 1 clusters with 1 shards","meta":[],"source":"Cluster Manager","timestamp":"02/02/2022|21:44:01"}
{"level":"info","message":"Started cluster 0","meta":[],"source":"Cluster Manager","timestamp":"02/02/2022|21:44:01"}
{"level":"info","message":"Started all clusters, connecting shards...","meta":[],"source":"Cluster Manager","timestamp":"02/02/2022|21:44:01"}
{"level":"info","message":"All shards spread","meta":[],"source":"Cluster Manager","timestamp":"02/02/2022|21:44:01"}
{"level":"info","message":"Connecting with 1 shards","meta":[],"source":"Cluster 0","timestamp":"02/02/2022|21:44:02"}
{"level":"error","message":"Cannot read properties of undefined (reading 'status')","meta":[],"source":"Cluster 0","stack":"TypeError: Cannot read properties of undefined (reading 'status')\n    at MessagecreateEvent.run (D:\\Code-Tings\\Vade-Eris\\dist\\Events\\Message Events\\messageCreate.js:94:24)\n    at processTicksAndRejections (node:internal/process/task_queues:96:5)","timestamp":"02/02/2022|21:45:00"}
{"level":"info","message":"Initialising clusters...","meta":[],"source":"Cluster Manager","timestamp":"02/02/2022|21:48:24"}
{"level":"info","message":"Starting 1 clusters with 1 shards","meta":[],"source":"Cluster Manager","timestamp":"02/02/2022|21:48:25"}
{"level":"info","message":"Started cluster 0","meta":[],"source":"Cluster Manager","timestamp":"02/02/2022|21:48:25"}
{"level":"info","message":"Started all clusters, connecting shards...","meta":[],"source":"Cluster Manager","timestamp":"02/02/2022|21:48:25"}
{"level":"info","message":"All shards spread","meta":[],"source":"Cluster Manager","timestamp":"02/02/2022|21:48:25"}
{"level":"info","message":"Connecting with 1 shards","meta":[],"source":"Cluster 0","timestamp":"02/02/2022|21:48:25"}
{"level":"info","message":"Initialising clusters...","meta":[],"source":"Cluster Manager","timestamp":"02/02/2022|22:23:02"}
{"level":"info","message":"Starting 1 clusters with 1 shards","meta":[],"source":"Cluster Manager","timestamp":"02/02/2022|22:23:02"}
{"level":"info","message":"Started cluster 0","meta":[],"source":"Cluster Manager","timestamp":"02/02/2022|22:23:02"}
{"level":"info","message":"Started all clusters, connecting shards...","meta":[],"source":"Cluster Manager","timestamp":"02/02/2022|22:23:02"}
{"level":"info","message":"All shards spread","meta":[],"source":"Cluster Manager","timestamp":"02/02/2022|22:23:02"}
{"level":"info","message":"Connecting with 1 shards","meta":[],"source":"Cluster 0","timestamp":"02/02/2022|22:23:03"}
{"level":"info","message":"Initialising clusters...","meta":[],"source":"Cluster Manager","timestamp":"02/02/2022|22:24:25"}
{"level":"info","message":"Starting 1 clusters with 1 shards","meta":[],"source":"Cluster Manager","timestamp":"02/02/2022|22:24:25"}
{"level":"info","message":"Started cluster 0","meta":[],"source":"Cluster Manager","timestamp":"02/02/2022|22:24:25"}
{"level":"info","message":"Started all clusters, connecting shards...","meta":[],"source":"Cluster Manager","timestamp":"02/02/2022|22:24:25"}
{"level":"info","message":"All shards spread","meta":[],"source":"Cluster Manager","timestamp":"02/02/2022|22:24:25"}
{"level":"info","message":"Connecting with 1 shards","meta":[],"source":"Cluster 0","timestamp":"02/02/2022|22:24:26"}
